2025-06-30 23:52:19,626 [INFO] Activator:176 - 


2025-06-30 23:52:19,630 [INFO] Activator:177 - !SESSION log4j initialized
2025-06-30 23:52:25,806 [INFO] LogOutputStream:77 - [STDOUT_REDIRECT] 
2025-06-30 23:52:28,088 [INFO] ApplicationProperties:184 - Using Application install path: D:\ST\STM32CubeIDE_1.18.1\STM32CubeIDE\plugins\com.st.stm32cube.common.mx_6.14.1.202504091515
2025-06-30 23:52:28,119 [INFO] DbMcusXml:78 - Set database path to: D:\ST\STM32CubeIDE_1.18.1\STM32CubeIDE\plugins\com.st.stm32cube.common.mx_6.14.1.202504091515\\db\/mcu/
2025-06-30 23:52:28,120 [INFO] ApiDb:274 - Set plugin database path to: D:\ST\STM32CubeIDE_1.18.1\STM32CubeIDE\plugins\com.st.stm32cube.common.mx_6.14.1.202504091515\\db\/plugins/boardmanager/
2025-06-30 23:52:28,120 [WARN] ApiDb:259 - Overriding images path with different value:  => D:\ST\STM32CubeIDE_1.18.1\STM32CubeIDE\plugins\com.st.stm32cube.common.mx_6.14.1.202504091515\\db\/plugins/mcufinder/images/
2025-06-30 23:52:28,125 [INFO] ApiDb:250 - Set database path to: C:\Users\Lenovo\.stmcufinder\plugins\mcufinder//mcu/
2025-06-30 23:52:28,126 [INFO] DbMcusAds:125 - Set database path to: C:\Users\Lenovo\.stmcufinder\plugins\mcufinder//mcu/
2025-06-30 23:52:28,855 [INFO] CrossReferenceDbSqlite:203 - Set database path to: C:\Users\Lenovo\.stmcufinder\plugins\mcufinder//mcu/cs/
2025-06-30 23:52:28,971 [INFO] RulesReader:64 - Compatibility file has been processed (302 Rules)
2025-06-30 23:52:29,049 [INFO] DbMcusXml:78 - Set database path to: D:\ST\STM32CubeIDE_1.18.1\STM32CubeIDE\plugins\com.st.stm32cube.common.mx_6.14.1.202504091515\\db\/mcu/
2025-06-30 23:52:29,049 [INFO] ApiDb:274 - Set plugin database path to: D:\ST\STM32CubeIDE_1.18.1\STM32CubeIDE\plugins\com.st.stm32cube.common.mx_6.14.1.202504091515\\db\/plugins/boardmanager/
2025-06-30 23:52:29,049 [INFO] ApiDb:261 - Set plugin images path to: D:\ST\STM32CubeIDE_1.18.1\STM32CubeIDE\plugins\com.st.stm32cube.common.mx_6.14.1.202504091515\\db\/plugins/mcufinder/images/
2025-06-30 23:52:29,050 [WARN] DbFile:41 - Overriding database path with different value: C:\Users\Lenovo\.stmcufinder\plugins\mcufinder/ => C:\Users\Lenovo\.stmcufinder\plugins\mcufinder
2025-06-30 23:52:29,050 [INFO] ApiDb:250 - Set database path to: C:\Users\Lenovo\.stmcufinder\plugins\mcufinder//mcu/
2025-06-30 23:52:29,050 [WARN] DbFile:41 - Overriding database path with different value: C:\Users\Lenovo\.stmcufinder\plugins\mcufinder/ => C:\Users\Lenovo\.stmcufinder\plugins\mcufinder
2025-06-30 23:52:29,050 [INFO] DbMcusAds:125 - Set database path to: C:\Users\Lenovo\.stmcufinder\plugins\mcufinder//mcu/
2025-06-30 23:52:29,050 [WARN] DbFile:41 - Overriding database path with different value: C:\Users\Lenovo\.stmcufinder\plugins\mcufinder/ => C:\Users\Lenovo\.stmcufinder\plugins\mcufinder
2025-06-30 23:52:29,050 [WARN] DbFile:41 - Overriding database path with different value: C:\Users\Lenovo\.stmcufinder\plugins\mcufinder/ => C:\Users\Lenovo\.stmcufinder\plugins\mcufinder
2025-06-30 23:52:29,856 [INFO] CrossReferenceDbSqlite:203 - Set database path to: C:\Users\Lenovo\.stmcufinder\plugins\mcufinder//mcu/cs/
2025-06-30 23:52:29,965 [INFO] MainPanel:272 - HeapMemory: 268435456
2025-06-30 23:52:30,068 [INFO] DbMcusXml:78 - Set database path to: D:\ST\STM32CubeIDE_1.18.1\STM32CubeIDE\plugins\com.st.stm32cube.common.mx_6.14.1.202504091515\\db\/mcu/
2025-06-30 23:52:30,068 [INFO] ApiDb:274 - Set plugin database path to: D:\ST\STM32CubeIDE_1.18.1\STM32CubeIDE\plugins\com.st.stm32cube.common.mx_6.14.1.202504091515\\db\/plugins/boardmanager/
2025-06-30 23:52:30,068 [INFO] ApiDb:261 - Set plugin images path to: D:\ST\STM32CubeIDE_1.18.1\STM32CubeIDE\plugins\com.st.stm32cube.common.mx_6.14.1.202504091515\\db\/plugins/mcufinder/images/
2025-06-30 23:52:30,069 [WARN] DbFile:41 - Overriding database path with different value: C:\Users\Lenovo\.stmcufinder\plugins\mcufinder/ => C:\Users\Lenovo\.stmcufinder\plugins\mcufinder
2025-06-30 23:52:30,069 [INFO] ApiDb:250 - Set database path to: C:\Users\Lenovo\.stmcufinder\plugins\mcufinder//mcu/
2025-06-30 23:52:30,069 [WARN] DbFile:41 - Overriding database path with different value: C:\Users\Lenovo\.stmcufinder\plugins\mcufinder/ => C:\Users\Lenovo\.stmcufinder\plugins\mcufinder
2025-06-30 23:52:30,069 [INFO] DbMcusAds:125 - Set database path to: C:\Users\Lenovo\.stmcufinder\plugins\mcufinder//mcu/
2025-06-30 23:52:30,069 [WARN] DbFile:41 - Overriding database path with different value: C:\Users\Lenovo\.stmcufinder\plugins\mcufinder/ => C:\Users\Lenovo\.stmcufinder\plugins\mcufinder
2025-06-30 23:52:30,069 [WARN] DbFile:41 - Overriding database path with different value: C:\Users\Lenovo\.stmcufinder\plugins\mcufinder/ => C:\Users\Lenovo\.stmcufinder\plugins\mcufinder
2025-06-30 23:52:30,855 [INFO] CrossReferenceDbSqlite:203 - Set database path to: C:\Users\Lenovo\.stmcufinder\plugins\mcufinder//mcu/cs/
2025-06-30 23:52:30,881 [INFO] ApplicationProperties:184 - Using Application install path: D:\ST\STM32CubeIDE_1.18.1\STM32CubeIDE\plugins\com.st.stm32cube.common.mx_6.14.1.202504091515
2025-06-30 23:52:30,882 [INFO] PluginManage:196 - Search for loadable plugins [exclusion list=, ]
2025-06-30 23:52:30,883 [INFO] PluginManage:310 - Check plugin analytics
2025-06-30 23:52:31,935 [INFO] AnalyticsPlugin:253 - Accepted Software Licenses: 
2025-06-30 23:52:31,935 [INFO] AnalyticsPlugin:255 - Accepted CMSIS Pack Licenses: 
2025-06-30 23:52:31,935 [INFO] AnalyticsPlugin:257 - Accepted Firmware Licenses: 
2025-06-30 23:52:31,938 [INFO] PluginManage:359 - Loaded plugin analytics (category:tool,tabindex:-1)
2025-06-30 23:52:31,938 [INFO] PluginManage:310 - Check plugin cadmodel
2025-06-30 23:52:31,949 [INFO] CADModel:105 - Init CAD model plugin
2025-06-30 23:52:31,949 [INFO] PluginManage:359 - Loaded plugin cadmodel (category:power,tabindex:5)
2025-06-30 23:52:31,950 [INFO] PluginManage:310 - Check plugin clock
2025-06-30 23:52:31,958 [INFO] PluginManage:359 - Loaded plugin clock (category:base,tabindex:2)
2025-06-30 23:52:31,959 [INFO] PluginManage:310 - Check plugin ddr
2025-06-30 23:52:31,962 [INFO] PluginManage:359 - Loaded plugin ddr (category:tool,tabindex:6)
2025-06-30 23:52:31,963 [INFO] PluginManage:310 - Check plugin filemanager
2025-06-30 23:52:32,145 [INFO] PluginManage:359 - Loaded plugin filemanager (category:base,tabindex:10)
2025-06-30 23:52:32,145 [INFO] PluginManage:310 - Check plugin ipmanager
2025-06-30 23:52:32,159 [INFO] PluginManage:359 - Loaded plugin ipmanager (category:base,tabindex:5)
2025-06-30 23:52:32,159 [INFO] PluginManage:310 - Check plugin lpbam
2025-06-30 23:52:32,173 [INFO] PluginManage:359 - Loaded plugin lpbam (category:base,tabindex:0)
2025-06-30 23:52:32,173 [INFO] PluginManage:310 - Check plugin memorymap
2025-06-30 23:52:32,196 [INFO] PluginManage:359 - Loaded plugin memorymap (category:base,tabindex:4)
2025-06-30 23:52:32,196 [INFO] PluginManage:310 - Check plugin pinoutandconfiguration
2025-06-30 23:52:32,203 [INFO] PluginManage:359 - Loaded plugin pinoutandconfiguration (category:base,tabindex:1)
2025-06-30 23:52:32,204 [INFO] PluginManage:310 - Check plugin pinoutconfig
2025-06-30 23:52:32,304 [WARN] SupportedApi:132 - Cannot load RTOS API schema: s4s-elt-must-match.1: The content of 'definitions' must match (annotation?, (simpleType | complexType)?, (unique | key | keyref)*)). A problem was found starting at: attribute.
2025-06-30 23:52:32,425 [INFO] PluginManage:359 - Loaded plugin pinoutconfig (category:base,tabindex:0)
2025-06-30 23:52:32,425 [INFO] PluginManage:310 - Check plugin power
2025-06-30 23:52:32,433 [INFO] PluginManage:359 - Loaded plugin power (category:power,tabindex:4)
2025-06-30 23:52:32,433 [INFO] PluginManage:310 - Check plugin projectmanager
2025-06-30 23:52:32,447 [INFO] PluginManage:359 - Loaded plugin projectmanager (category:projectmanager,tabindex:4)
2025-06-30 23:52:32,447 [INFO] PluginManage:310 - Check plugin rif
2025-06-30 23:52:32,453 [INFO] PluginManage:359 - Loaded plugin rif (category:base,tabindex:3)
2025-06-30 23:52:32,454 [INFO] PluginManage:310 - Check plugin thirdparty
2025-06-30 23:52:32,587 [INFO] PluginManage:359 - Loaded plugin thirdparty (category:base,tabindex:-1)
2025-06-30 23:52:32,587 [WARN] IntegrityCheckThread:84 - waiting for thirdparty lock release [integrity check]
2025-06-30 23:52:32,587 [INFO] PluginManage:310 - Check plugin tools
2025-06-30 23:52:32,587 [INFO] IntegrityCheckThread:86 - entering critical section [integrity check]
2025-06-30 23:52:32,587 [INFO] ThirdPartyUpdaterWithRetryManager:70 - Updater plugin not ready yet. [1/15]
2025-06-30 23:52:32,589 [INFO] PluginManage:359 - Loaded plugin tools (category:base,tabindex:7)
2025-06-30 23:52:32,589 [INFO] PluginManage:310 - Check plugin tutovideos
2025-06-30 23:52:32,750 [INFO] PluginManage:359 - Loaded plugin tutovideos (category:base,tabindex:-1)
2025-06-30 23:52:32,750 [INFO] PluginManage:310 - Check plugin updater
2025-06-30 23:52:32,768 [INFO] PluginManage:359 - Loaded plugin updater (category:base,tabindex:12)
2025-06-30 23:52:32,768 [INFO] PluginManage:310 - Check plugin userauth
2025-06-30 23:52:32,771 [INFO] UserAuth:118 - Init User Auth plugin
2025-06-30 23:52:32,771 [INFO] PluginManage:359 - Loaded plugin userauth (category:base,tabindex:14)
2025-06-30 23:52:32,772 [INFO] PluginManage:283 - PluginManage : Loaded plugins [18]
2025-06-30 23:52:32,947 [INFO] PinOutPanel:1589 - setPackage(No Configuration,No Configuration)
2025-06-30 23:52:33,020 [INFO] CADModel:165 - CPN selected for project level
2025-06-30 23:52:33,020 [INFO] CADModel:114 - Register for checkConnection events
2025-06-30 23:52:33,033 [INFO] IPUIPlugin:80 - create IPUIPlugin
2025-06-30 23:52:33,034 [INFO] PluginManager:220 - loadIPPluginJar : add adc
2025-06-30 23:52:33,035 [INFO] IPUIPlugin:80 - create IPUIPlugin
2025-06-30 23:52:33,035 [INFO] PluginManager:220 - loadIPPluginJar : add aes
2025-06-30 23:52:33,037 [INFO] IPUIPlugin:80 - create IPUIPlugin
2025-06-30 23:52:33,037 [INFO] PluginManager:220 - loadIPPluginJar : add can
2025-06-30 23:52:33,037 [INFO] IPUIPlugin:80 - create IPUIPlugin
2025-06-30 23:52:33,037 [INFO] PluginManager:220 - loadIPPluginJar : add comp
2025-06-30 23:52:33,040 [INFO] IPUIPlugin:80 - create IPUIPlugin
2025-06-30 23:52:33,040 [INFO] PluginManager:220 - loadIPPluginJar : add cryp
2025-06-30 23:52:33,042 [INFO] IPUIPlugin:80 - create IPUIPlugin
2025-06-30 23:52:33,042 [INFO] PluginManager:220 - loadIPPluginJar : add ddr_ctrl_phy
2025-06-30 23:52:33,044 [INFO] IPUIPlugin:80 - create IPUIPlugin
2025-06-30 23:52:33,044 [INFO] PluginManager:220 - loadIPPluginJar : add dfsdm
2025-06-30 23:52:33,049 [INFO] IPUIPlugin:80 - create IPUIPlugin
2025-06-30 23:52:33,049 [INFO] PluginManager:220 - loadIPPluginJar : add dma
2025-06-30 23:52:33,051 [INFO] IPUIPlugin:80 - create IPUIPlugin
2025-06-30 23:52:33,051 [INFO] PluginManager:220 - loadIPPluginJar : add dma3
2025-06-30 23:52:33,053 [INFO] IPUIPlugin:80 - create IPUIPlugin
2025-06-30 23:52:33,053 [INFO] PluginManager:220 - loadIPPluginJar : add extmemmanager
2025-06-30 23:52:33,054 [INFO] IPUIPlugin:80 - create IPUIPlugin
2025-06-30 23:52:33,054 [INFO] PluginManager:220 - loadIPPluginJar : add fatfs
2025-06-30 23:52:33,057 [INFO] IPUIPlugin:80 - create IPUIPlugin
2025-06-30 23:52:33,057 [INFO] PluginManager:220 - loadIPPluginJar : add fmc
2025-06-30 23:52:33,062 [INFO] IPUIPlugin:80 - create IPUIPlugin
2025-06-30 23:52:33,062 [INFO] PluginManager:220 - loadIPPluginJar : add freertos
2025-06-30 23:52:33,063 [INFO] IPUIPlugin:80 - create IPUIPlugin
2025-06-30 23:52:33,063 [INFO] PluginManager:220 - loadIPPluginJar : add genericplugin
2025-06-30 23:52:33,064 [INFO] IPUIPlugin:80 - create IPUIPlugin
2025-06-30 23:52:33,064 [INFO] PluginManager:220 - loadIPPluginJar : add gfxmmu
2025-06-30 23:52:33,068 [INFO] IPUIPlugin:80 - create IPUIPlugin
2025-06-30 23:52:33,068 [INFO] PluginManager:220 - loadIPPluginJar : add gic
2025-06-30 23:52:33,071 [INFO] IPUIPlugin:80 - create IPUIPlugin
2025-06-30 23:52:33,071 [INFO] PluginManager:220 - loadIPPluginJar : add gpio
2025-06-30 23:52:33,074 [INFO] IPUIPlugin:80 - create IPUIPlugin
2025-06-30 23:52:33,074 [INFO] PluginManager:220 - loadIPPluginJar : add gtzc
2025-06-30 23:52:33,076 [INFO] IPUIPlugin:80 - create IPUIPlugin
2025-06-30 23:52:33,076 [INFO] PluginManager:220 - loadIPPluginJar : add hash
2025-06-30 23:52:33,078 [INFO] IPUIPlugin:80 - create IPUIPlugin
2025-06-30 23:52:33,078 [INFO] PluginManager:220 - loadIPPluginJar : add i2c
2025-06-30 23:52:33,079 [INFO] IPUIPlugin:80 - create IPUIPlugin
2025-06-30 23:52:33,081 [INFO] PluginManager:220 - loadIPPluginJar : add i2s
2025-06-30 23:52:33,083 [INFO] IPUIPlugin:80 - create IPUIPlugin
2025-06-30 23:52:33,083 [INFO] PluginManager:220 - loadIPPluginJar : add i3c
2025-06-30 23:52:33,088 [INFO] IPUIPlugin:80 - create IPUIPlugin
2025-06-30 23:52:33,088 [INFO] PluginManager:220 - loadIPPluginJar : add ipddr
2025-06-30 23:52:33,093 [INFO] IPUIPlugin:80 - create IPUIPlugin
2025-06-30 23:52:33,093 [INFO] PluginManager:220 - loadIPPluginJar : add linkedlist
2025-06-30 23:52:33,096 [INFO] IPUIPlugin:80 - create IPUIPlugin
2025-06-30 23:52:33,096 [INFO] PluginManager:220 - loadIPPluginJar : add lorawan
2025-06-30 23:52:33,097 [INFO] IPUIPlugin:80 - create IPUIPlugin
2025-06-30 23:52:33,097 [INFO] PluginManager:220 - loadIPPluginJar : add ltdc
2025-06-30 23:52:33,102 [INFO] IPUIPlugin:80 - create IPUIPlugin
2025-06-30 23:52:33,102 [INFO] PluginManager:220 - loadIPPluginJar : add mdma
2025-06-30 23:52:33,105 [INFO] IPUIPlugin:80 - create IPUIPlugin
2025-06-30 23:52:33,105 [INFO] PluginManager:220 - loadIPPluginJar : add nvic
2025-06-30 23:52:33,109 [INFO] IPUIPlugin:80 - create IPUIPlugin
2025-06-30 23:52:33,109 [INFO] PluginManager:220 - loadIPPluginJar : add opamp
2025-06-30 23:52:33,112 [INFO] IPUIPlugin:80 - create IPUIPlugin
2025-06-30 23:52:33,112 [INFO] PluginManager:220 - loadIPPluginJar : add openamp
2025-06-30 23:52:33,115 [INFO] IPUIPlugin:80 - create IPUIPlugin
2025-06-30 23:52:33,115 [INFO] PluginManager:220 - loadIPPluginJar : add pdm2pcm
2025-06-30 23:52:33,120 [INFO] IPUIPlugin:80 - create IPUIPlugin
2025-06-30 23:52:33,122 [INFO] PluginManager:220 - loadIPPluginJar : add plateformsettings
2025-06-30 23:52:33,124 [INFO] IPUIPlugin:80 - create IPUIPlugin
2025-06-30 23:52:33,125 [INFO] PluginManager:220 - loadIPPluginJar : add quadspi
2025-06-30 23:52:33,126 [INFO] IPUIPlugin:80 - create IPUIPlugin
2025-06-30 23:52:33,127 [INFO] PluginManager:220 - loadIPPluginJar : add radio
2025-06-30 23:52:33,130 [INFO] IPUIPlugin:80 - create IPUIPlugin
2025-06-30 23:52:33,130 [INFO] PluginManager:220 - loadIPPluginJar : add resmgrutility
2025-06-30 23:52:33,133 [INFO] IPUIPlugin:80 - create IPUIPlugin
2025-06-30 23:52:33,133 [INFO] PluginManager:220 - loadIPPluginJar : add sai
2025-06-30 23:52:33,135 [INFO] IPUIPlugin:80 - create IPUIPlugin
2025-06-30 23:52:33,135 [INFO] PluginManager:220 - loadIPPluginJar : add spi
2025-06-30 23:52:33,141 [INFO] IPUIPlugin:80 - create IPUIPlugin
2025-06-30 23:52:33,141 [INFO] PluginManager:220 - loadIPPluginJar : add stm32_wpan
2025-06-30 23:52:33,143 [INFO] IPUIPlugin:80 - create IPUIPlugin
2025-06-30 23:52:33,143 [INFO] PluginManager:220 - loadIPPluginJar : add tim
2025-06-30 23:52:33,159 [INFO] IPUIPlugin:80 - create IPUIPlugin
2025-06-30 23:52:33,159 [INFO] PluginManager:220 - loadIPPluginJar : add touchsensing
2025-06-30 23:52:33,160 [INFO] IPUIPlugin:80 - create IPUIPlugin
2025-06-30 23:52:33,162 [INFO] PluginManager:220 - loadIPPluginJar : add tracer_emb
2025-06-30 23:52:33,164 [INFO] IPUIPlugin:80 - create IPUIPlugin
2025-06-30 23:52:33,164 [INFO] PluginManager:220 - loadIPPluginJar : add ts
2025-06-30 23:52:33,165 [INFO] IPUIPlugin:80 - create IPUIPlugin
2025-06-30 23:52:33,165 [INFO] PluginManager:220 - loadIPPluginJar : add tsc
2025-06-30 23:52:33,167 [INFO] IPUIPlugin:80 - create IPUIPlugin
2025-06-30 23:52:33,167 [INFO] PluginManager:220 - loadIPPluginJar : add ucpd
2025-06-30 23:52:33,168 [INFO] IPUIPlugin:80 - create IPUIPlugin
2025-06-30 23:52:33,168 [INFO] PluginManager:220 - loadIPPluginJar : add usart
2025-06-30 23:52:33,171 [INFO] IPUIPlugin:80 - create IPUIPlugin
2025-06-30 23:52:33,171 [INFO] PluginManager:220 - loadIPPluginJar : add usbx
2025-06-30 23:52:33,299 [FATAL] Updater:351 - Updater called before beeing initialized
2025-06-30 23:52:33,344 [INFO] RulesReader:64 - Compatibility file has been processed (302 Rules)
2025-06-30 23:52:33,352 [INFO] RulesReader:64 - Compatibility file has been processed (302 Rules)
2025-06-30 23:52:33,359 [INFO] CADModel:165 - CPN selected for project level
2025-06-30 23:52:33,359 [INFO] CADModel:114 - Register for checkConnection events
2025-06-30 23:52:33,359 [FATAL] Updater:351 - Updater called before beeing initialized
2025-06-30 23:52:33,359 [ERROR] CADModel:125 - Updater not yet initialized, retry later 
2025-06-30 23:52:33,490 [FATAL] Updater:351 - Updater called before beeing initialized
2025-06-30 23:52:33,492 [INFO] CADModel:165 - CPN selected for project level
2025-06-30 23:52:33,492 [INFO] CADModel:114 - Register for checkConnection events
2025-06-30 23:52:33,493 [FATAL] Updater:351 - Updater called before beeing initialized
2025-06-30 23:52:33,493 [ERROR] CADModel:125 - Updater not yet initialized, retry later 
2025-06-30 23:52:33,496 [FATAL] Updater:351 - Updater called before beeing initialized
2025-06-30 23:52:33,611 [FATAL] Updater:351 - Updater called before beeing initialized
2025-06-30 23:52:33,615 [INFO] DbMcusAds:53 - JSON generation date=Thu Jun 19 15:32:37 ICT 2025 (1750321957418)
2025-06-30 23:52:33,615 [FATAL] Updater:351 - Updater called before beeing initialized
2025-06-30 23:52:33,645 [WARN] DetailPanel:346 - Failed to get advertising image, set to default
2025-06-30 23:52:33,862 [FATAL] Updater:351 - Updater called before beeing initialized
2025-06-30 23:52:33,863 [FATAL] Updater:351 - Updater called before beeing initialized
2025-06-30 23:52:33,863 [FATAL] Updater:351 - Updater called before beeing initialized
2025-06-30 23:52:33,863 [WARN] DetailPanel:346 - Failed to get advertising image, set to default
2025-06-30 23:52:33,865 [FATAL] Updater:351 - Updater called before beeing initialized
2025-06-30 23:52:33,903 [ERROR] Updater:1198 - MainUpdater not yet initialized. External WinMGr cannot be set.
2025-06-30 23:52:33,905 [INFO] Updater:1134 - Updater Version found : 6.14.1
2025-06-30 23:52:33,919 [INFO] ApplicationProperties:184 - Using Application install path: D:\ST\STM32CubeIDE_1.18.1\STM32CubeIDE\plugins\com.st.stm32cube.common.mx_6.14.1.202504091515
2025-06-30 23:52:35,494 [ERROR] LogOutputStream:75 - [STDERR_REDIRECT] Jun 30, 2025 11:52:35 PM java.util.prefs.WindowsPreferences <init>
2025-06-30 23:52:35,495 [ERROR] LogOutputStream:75 - [STDERR_REDIRECT] WARNING: Could not open/create prefs root node Software\JavaSoft\Prefs at root 0xffffffff80000002. Windows RegCreateKeyEx(...) returned error code 5.
2025-06-30 23:52:35,495 [ERROR] LogOutputStream:75 - [STDERR_REDIRECT] 
2025-06-30 23:52:35,588 [INFO] ThirdPartyUpdaterWithRetryManager:70 - Updater plugin not ready yet. [2/15]
2025-06-30 23:52:38,590 [FATAL] Updater:351 - Updater called before beeing initialized
2025-06-30 23:52:38,591 [ERROR] IntegrityCheckThread:130 - Cannot retrieve database content from updater: error 21
2025-06-30 23:52:38,591 [INFO] ThirdParty:978 - Integrity check success = false
2025-06-30 23:52:38,592 [INFO] IntegrityCheckThread:100 - exiting critical section [integrity check]
2025-06-30 23:52:38,592 [INFO] IntegrityCheckThread:103 - End integrity checks thread
2025-06-30 23:52:39,801 [WARN] CheckConnectionManager:291 - Warning during Server Connection :  timeout Connect to sw-center.st.com:443 [sw-center.st.com/23.5.165.34, sw-center.st.com/23.5.165.18] failed: Read timed out
2025-06-30 23:52:42,176 [INFO] MainUpdater:2872 - connection check result : 10
2025-06-30 23:52:42,177 [INFO] MainUpdater:289 - Updater Check For Update Now.
2025-06-30 23:52:42,177 [INFO] MicroXplorer:498 - Change Database Version : DB.6.0.141
2025-06-30 23:52:42,181 [INFO] McuFinderGlobals:63 - Set McuFinder mode to 2 (CubeIDE integrated)
2025-06-30 23:52:42,182 [INFO] UserAuth:171 - activating auth plugin
2025-06-30 23:52:42,186 [INFO] UserAuth:484 - Internet connection configuration mode: 1
2025-06-30 23:52:42,207 [INFO] JxBrowserEngine:152 - Initiate JxBrowser Engine with user profile folder
2025-06-30 23:52:42,358 [INFO] CheckServerUpdateThread:120 - End of CheckServer Thread
2025-06-30 23:52:42,824 [INFO] WebApp:169 - Instantiating new browser for Auth
2025-06-30 23:52:43,535 [INFO] WebApp:463 - Apply proxy settings
2025-06-30 23:52:43,536 [INFO] WebApp:548 - Chromium requires no authentication
2025-06-30 23:52:43,543 [INFO] WebApp:491 - Direct internet connection detected
2025-06-30 23:52:43,570 [INFO] WebApp:894 - Register for checkConnection events
2025-06-30 23:52:43,570 [INFO] WebApp:463 - Apply proxy settings
2025-06-30 23:52:43,570 [INFO] WebApp:548 - Chromium requires no authentication
2025-06-30 23:52:43,571 [INFO] WebApp:491 - Direct internet connection detected
2025-06-30 23:52:43,736 [INFO] WebApp:191 - Connection restablished
2025-06-30 23:52:43,758 [INFO] WebApp:225 - Starting web application
2025-06-30 23:52:43,759 [INFO] WebApp:593 - Web application path used D:\ST\STM32CubeIDE_1.18.1\STM32CubeIDE\plugins\com.st.stm32cube.common.mx_6.14.1.202504091515\db\plugins\mcufinder\reactClient1\index.html
