2025-07-03 00:05:49,496 [ERROR] LogOutputStream:75 - [STDERR_REDIRECT] 
2025-07-03 10:30:57,074 [INFO] Activator:176 - 


2025-07-03 10:30:57,076 [INFO] Activator:177 - !SESSION log4j initialized
2025-07-03 10:31:03,790 [INFO] LogOutputStream:77 - [STDOUT_REDIRECT] 
2025-07-03 10:31:05,889 [INFO] ApplicationProperties:184 - Using Application install path: D:\ST\STM32CubeIDE_1.18.1\STM32CubeIDE\plugins\com.st.stm32cube.common.mx_6.14.1.202504091515
2025-07-03 10:31:05,903 [INFO] DbMcusXml:78 - Set database path to: D:\ST\STM32CubeIDE_1.18.1\STM32CubeIDE\plugins\com.st.stm32cube.common.mx_6.14.1.202504091515\\db\/mcu/
2025-07-03 10:31:05,903 [INFO] ApiDb:274 - Set plugin database path to: D:\ST\STM32CubeIDE_1.18.1\STM32CubeIDE\plugins\com.st.stm32cube.common.mx_6.14.1.202504091515\\db\/plugins/boardmanager/
2025-07-03 10:31:05,903 [WARN] ApiDb:259 - Overriding images path with different value:  => D:\ST\STM32CubeIDE_1.18.1\STM32CubeIDE\plugins\com.st.stm32cube.common.mx_6.14.1.202504091515\\db\/plugins/mcufinder/images/
2025-07-03 10:31:05,910 [INFO] ApiDb:250 - Set database path to: C:\Users\Lenovo\.stmcufinder\plugins\mcufinder//mcu/
2025-07-03 10:31:05,911 [INFO] DbMcusAds:125 - Set database path to: C:\Users\Lenovo\.stmcufinder\plugins\mcufinder//mcu/
2025-07-03 10:31:05,914 [INFO] CrossReferenceDbSqlite:203 - Set database path to: C:\Users\Lenovo\.stmcufinder\plugins\mcufinder//mcu/cs/
2025-07-03 10:31:06,013 [INFO] RulesReader:64 - Compatibility file has been processed (302 Rules)
2025-07-03 10:31:06,079 [INFO] DbMcusXml:78 - Set database path to: D:\ST\STM32CubeIDE_1.18.1\STM32CubeIDE\plugins\com.st.stm32cube.common.mx_6.14.1.202504091515\\db\/mcu/
2025-07-03 10:31:06,080 [INFO] ApiDb:274 - Set plugin database path to: D:\ST\STM32CubeIDE_1.18.1\STM32CubeIDE\plugins\com.st.stm32cube.common.mx_6.14.1.202504091515\\db\/plugins/boardmanager/
2025-07-03 10:31:06,080 [INFO] ApiDb:261 - Set plugin images path to: D:\ST\STM32CubeIDE_1.18.1\STM32CubeIDE\plugins\com.st.stm32cube.common.mx_6.14.1.202504091515\\db\/plugins/mcufinder/images/
2025-07-03 10:31:06,080 [WARN] DbFile:41 - Overriding database path with different value: C:\Users\Lenovo\.stmcufinder\plugins\mcufinder/ => C:\Users\Lenovo\.stmcufinder\plugins\mcufinder
2025-07-03 10:31:06,080 [INFO] ApiDb:250 - Set database path to: C:\Users\Lenovo\.stmcufinder\plugins\mcufinder//mcu/
2025-07-03 10:31:06,080 [WARN] DbFile:41 - Overriding database path with different value: C:\Users\Lenovo\.stmcufinder\plugins\mcufinder/ => C:\Users\Lenovo\.stmcufinder\plugins\mcufinder
2025-07-03 10:31:06,080 [INFO] DbMcusAds:125 - Set database path to: C:\Users\Lenovo\.stmcufinder\plugins\mcufinder//mcu/
2025-07-03 10:31:06,080 [WARN] DbFile:41 - Overriding database path with different value: C:\Users\Lenovo\.stmcufinder\plugins\mcufinder/ => C:\Users\Lenovo\.stmcufinder\plugins\mcufinder
2025-07-03 10:31:06,080 [WARN] DbFile:41 - Overriding database path with different value: C:\Users\Lenovo\.stmcufinder\plugins\mcufinder/ => C:\Users\Lenovo\.stmcufinder\plugins\mcufinder
2025-07-03 10:31:06,080 [INFO] CrossReferenceDbSqlite:203 - Set database path to: C:\Users\Lenovo\.stmcufinder\plugins\mcufinder//mcu/cs/
2025-07-03 10:31:06,150 [INFO] MainPanel:272 - HeapMemory: 268435456
2025-07-03 10:31:06,294 [INFO] DbMcusXml:78 - Set database path to: D:\ST\STM32CubeIDE_1.18.1\STM32CubeIDE\plugins\com.st.stm32cube.common.mx_6.14.1.202504091515\\db\/mcu/
2025-07-03 10:31:06,294 [INFO] ApiDb:274 - Set plugin database path to: D:\ST\STM32CubeIDE_1.18.1\STM32CubeIDE\plugins\com.st.stm32cube.common.mx_6.14.1.202504091515\\db\/plugins/boardmanager/
2025-07-03 10:31:06,294 [INFO] ApiDb:261 - Set plugin images path to: D:\ST\STM32CubeIDE_1.18.1\STM32CubeIDE\plugins\com.st.stm32cube.common.mx_6.14.1.202504091515\\db\/plugins/mcufinder/images/
2025-07-03 10:31:06,295 [WARN] DbFile:41 - Overriding database path with different value: C:\Users\Lenovo\.stmcufinder\plugins\mcufinder/ => C:\Users\Lenovo\.stmcufinder\plugins\mcufinder
2025-07-03 10:31:06,295 [INFO] ApiDb:250 - Set database path to: C:\Users\Lenovo\.stmcufinder\plugins\mcufinder//mcu/
2025-07-03 10:31:06,295 [WARN] DbFile:41 - Overriding database path with different value: C:\Users\Lenovo\.stmcufinder\plugins\mcufinder/ => C:\Users\Lenovo\.stmcufinder\plugins\mcufinder
2025-07-03 10:31:06,295 [INFO] DbMcusAds:125 - Set database path to: C:\Users\Lenovo\.stmcufinder\plugins\mcufinder//mcu/
2025-07-03 10:31:06,295 [WARN] DbFile:41 - Overriding database path with different value: C:\Users\Lenovo\.stmcufinder\plugins\mcufinder/ => C:\Users\Lenovo\.stmcufinder\plugins\mcufinder
2025-07-03 10:31:06,295 [WARN] DbFile:41 - Overriding database path with different value: C:\Users\Lenovo\.stmcufinder\plugins\mcufinder/ => C:\Users\Lenovo\.stmcufinder\plugins\mcufinder
2025-07-03 10:31:06,295 [INFO] CrossReferenceDbSqlite:203 - Set database path to: C:\Users\Lenovo\.stmcufinder\plugins\mcufinder//mcu/cs/
2025-07-03 10:31:06,317 [INFO] ApplicationProperties:184 - Using Application install path: D:\ST\STM32CubeIDE_1.18.1\STM32CubeIDE\plugins\com.st.stm32cube.common.mx_6.14.1.202504091515
2025-07-03 10:31:06,318 [INFO] PluginManage:196 - Search for loadable plugins [exclusion list=, ]
2025-07-03 10:31:06,319 [INFO] PluginManage:310 - Check plugin analytics
2025-07-03 10:31:06,558 [INFO] AnalyticsPlugin:253 - Accepted Software Licenses: 
2025-07-03 10:31:06,558 [INFO] AnalyticsPlugin:255 - Accepted CMSIS Pack Licenses: 
2025-07-03 10:31:06,559 [INFO] AnalyticsPlugin:257 - Accepted Firmware Licenses: 
2025-07-03 10:31:06,562 [INFO] PluginManage:359 - Loaded plugin analytics (category:tool,tabindex:-1)
2025-07-03 10:31:06,562 [INFO] PluginManage:310 - Check plugin cadmodel
2025-07-03 10:31:06,581 [INFO] CADModel:105 - Init CAD model plugin
2025-07-03 10:31:06,581 [INFO] PluginManage:359 - Loaded plugin cadmodel (category:power,tabindex:5)
2025-07-03 10:31:06,581 [INFO] PluginManage:310 - Check plugin clock
2025-07-03 10:31:06,604 [INFO] PluginManage:359 - Loaded plugin clock (category:base,tabindex:2)
2025-07-03 10:31:06,604 [INFO] PluginManage:310 - Check plugin ddr
2025-07-03 10:31:06,607 [INFO] PluginManage:359 - Loaded plugin ddr (category:tool,tabindex:6)
2025-07-03 10:31:06,608 [INFO] PluginManage:310 - Check plugin filemanager
2025-07-03 10:31:06,764 [INFO] PluginManage:359 - Loaded plugin filemanager (category:base,tabindex:10)
2025-07-03 10:31:06,764 [INFO] PluginManage:310 - Check plugin ipmanager
2025-07-03 10:31:06,772 [INFO] PluginManage:359 - Loaded plugin ipmanager (category:base,tabindex:5)
2025-07-03 10:31:06,772 [INFO] PluginManage:310 - Check plugin lpbam
2025-07-03 10:31:06,808 [INFO] PluginManage:359 - Loaded plugin lpbam (category:base,tabindex:0)
2025-07-03 10:31:06,808 [INFO] PluginManage:310 - Check plugin memorymap
2025-07-03 10:31:06,852 [INFO] PluginManage:359 - Loaded plugin memorymap (category:base,tabindex:4)
2025-07-03 10:31:06,852 [INFO] PluginManage:310 - Check plugin pinoutandconfiguration
2025-07-03 10:31:06,882 [INFO] PluginManage:359 - Loaded plugin pinoutandconfiguration (category:base,tabindex:1)
2025-07-03 10:31:06,882 [INFO] PluginManage:310 - Check plugin pinoutconfig
2025-07-03 10:31:06,994 [WARN] SupportedApi:132 - Cannot load RTOS API schema: s4s-elt-must-match.1: The content of 'definitions' must match (annotation?, (simpleType | complexType)?, (unique | key | keyref)*)). A problem was found starting at: attribute.
2025-07-03 10:31:07,110 [INFO] PluginManage:359 - Loaded plugin pinoutconfig (category:base,tabindex:0)
2025-07-03 10:31:07,110 [INFO] PluginManage:310 - Check plugin power
2025-07-03 10:31:07,134 [INFO] PluginManage:359 - Loaded plugin power (category:power,tabindex:4)
2025-07-03 10:31:07,134 [INFO] PluginManage:310 - Check plugin projectmanager
2025-07-03 10:31:07,148 [INFO] PluginManage:359 - Loaded plugin projectmanager (category:projectmanager,tabindex:4)
2025-07-03 10:31:07,148 [INFO] PluginManage:310 - Check plugin rif
2025-07-03 10:31:07,166 [INFO] PluginManage:359 - Loaded plugin rif (category:base,tabindex:3)
2025-07-03 10:31:07,166 [INFO] PluginManage:310 - Check plugin thirdparty
2025-07-03 10:31:07,437 [INFO] PluginManage:359 - Loaded plugin thirdparty (category:base,tabindex:-1)
2025-07-03 10:31:07,437 [WARN] IntegrityCheckThread:84 - waiting for thirdparty lock release [integrity check]
2025-07-03 10:31:07,437 [INFO] PluginManage:310 - Check plugin tools
2025-07-03 10:31:07,437 [INFO] IntegrityCheckThread:86 - entering critical section [integrity check]
2025-07-03 10:31:07,437 [INFO] ThirdPartyUpdaterWithRetryManager:70 - Updater plugin not ready yet. [1/15]
2025-07-03 10:31:07,474 [INFO] PluginManage:359 - Loaded plugin tools (category:base,tabindex:7)
2025-07-03 10:31:07,475 [INFO] PluginManage:310 - Check plugin tutovideos
2025-07-03 10:31:07,670 [INFO] PluginManage:359 - Loaded plugin tutovideos (category:base,tabindex:-1)
2025-07-03 10:31:07,670 [INFO] PluginManage:310 - Check plugin updater
2025-07-03 10:31:07,690 [INFO] PluginManage:359 - Loaded plugin updater (category:base,tabindex:12)
2025-07-03 10:31:07,690 [INFO] PluginManage:310 - Check plugin userauth
2025-07-03 10:31:07,693 [INFO] UserAuth:118 - Init User Auth plugin
2025-07-03 10:31:07,694 [INFO] PluginManage:359 - Loaded plugin userauth (category:base,tabindex:14)
2025-07-03 10:31:07,694 [INFO] PluginManage:283 - PluginManage : Loaded plugins [18]
2025-07-03 10:31:07,863 [INFO] PinOutPanel:1589 - setPackage(No Configuration,No Configuration)
2025-07-03 10:31:07,942 [INFO] CADModel:165 - CPN selected for project level
2025-07-03 10:31:07,942 [INFO] CADModel:114 - Register for checkConnection events
2025-07-03 10:31:07,970 [INFO] IPUIPlugin:80 - create IPUIPlugin
2025-07-03 10:31:07,970 [INFO] PluginManager:220 - loadIPPluginJar : add adc
2025-07-03 10:31:08,018 [INFO] IPUIPlugin:80 - create IPUIPlugin
2025-07-03 10:31:08,018 [INFO] PluginManager:220 - loadIPPluginJar : add aes
2025-07-03 10:31:08,073 [INFO] IPUIPlugin:80 - create IPUIPlugin
2025-07-03 10:31:08,074 [INFO] PluginManager:220 - loadIPPluginJar : add can
2025-07-03 10:31:08,107 [INFO] IPUIPlugin:80 - create IPUIPlugin
2025-07-03 10:31:08,107 [INFO] PluginManager:220 - loadIPPluginJar : add comp
2025-07-03 10:31:08,151 [INFO] IPUIPlugin:80 - create IPUIPlugin
2025-07-03 10:31:08,152 [INFO] PluginManager:220 - loadIPPluginJar : add cryp
2025-07-03 10:31:08,166 [INFO] IPUIPlugin:80 - create IPUIPlugin
2025-07-03 10:31:08,166 [INFO] PluginManager:220 - loadIPPluginJar : add ddr_ctrl_phy
2025-07-03 10:31:08,201 [INFO] IPUIPlugin:80 - create IPUIPlugin
2025-07-03 10:31:08,201 [INFO] PluginManager:220 - loadIPPluginJar : add dfsdm
2025-07-03 10:31:08,214 [INFO] IPUIPlugin:80 - create IPUIPlugin
2025-07-03 10:31:08,214 [INFO] PluginManager:220 - loadIPPluginJar : add dma
2025-07-03 10:31:08,258 [INFO] IPUIPlugin:80 - create IPUIPlugin
2025-07-03 10:31:08,258 [INFO] PluginManager:220 - loadIPPluginJar : add dma3
2025-07-03 10:31:08,303 [INFO] IPUIPlugin:80 - create IPUIPlugin
2025-07-03 10:31:08,304 [INFO] PluginManager:220 - loadIPPluginJar : add extmemmanager
2025-07-03 10:31:08,326 [INFO] IPUIPlugin:80 - create IPUIPlugin
2025-07-03 10:31:08,326 [INFO] PluginManager:220 - loadIPPluginJar : add fatfs
2025-07-03 10:31:08,376 [INFO] IPUIPlugin:80 - create IPUIPlugin
2025-07-03 10:31:08,376 [INFO] PluginManager:220 - loadIPPluginJar : add fmc
2025-07-03 10:31:08,391 [INFO] IPUIPlugin:80 - create IPUIPlugin
2025-07-03 10:31:08,392 [INFO] PluginManager:220 - loadIPPluginJar : add freertos
2025-07-03 10:31:08,415 [INFO] IPUIPlugin:80 - create IPUIPlugin
2025-07-03 10:31:08,415 [INFO] PluginManager:220 - loadIPPluginJar : add genericplugin
2025-07-03 10:31:08,512 [INFO] IPUIPlugin:80 - create IPUIPlugin
2025-07-03 10:31:08,512 [INFO] PluginManager:220 - loadIPPluginJar : add gfxmmu
2025-07-03 10:31:08,647 [INFO] IPUIPlugin:80 - create IPUIPlugin
2025-07-03 10:31:08,647 [INFO] PluginManager:220 - loadIPPluginJar : add gic
2025-07-03 10:31:08,659 [INFO] IPUIPlugin:80 - create IPUIPlugin
2025-07-03 10:31:08,660 [INFO] PluginManager:220 - loadIPPluginJar : add gpio
2025-07-03 10:31:08,754 [INFO] IPUIPlugin:80 - create IPUIPlugin
2025-07-03 10:31:08,754 [INFO] PluginManager:220 - loadIPPluginJar : add gtzc
2025-07-03 10:31:08,788 [INFO] IPUIPlugin:80 - create IPUIPlugin
2025-07-03 10:31:08,788 [INFO] PluginManager:220 - loadIPPluginJar : add hash
2025-07-03 10:31:08,843 [INFO] IPUIPlugin:80 - create IPUIPlugin
2025-07-03 10:31:08,843 [INFO] PluginManager:220 - loadIPPluginJar : add i2c
2025-07-03 10:31:08,883 [INFO] IPUIPlugin:80 - create IPUIPlugin
2025-07-03 10:31:08,883 [INFO] PluginManager:220 - loadIPPluginJar : add i2s
2025-07-03 10:31:08,925 [INFO] IPUIPlugin:80 - create IPUIPlugin
2025-07-03 10:31:08,926 [INFO] PluginManager:220 - loadIPPluginJar : add i3c
2025-07-03 10:31:09,027 [INFO] IPUIPlugin:80 - create IPUIPlugin
2025-07-03 10:31:09,027 [INFO] PluginManager:220 - loadIPPluginJar : add ipddr
2025-07-03 10:31:09,120 [INFO] IPUIPlugin:80 - create IPUIPlugin
2025-07-03 10:31:09,120 [INFO] PluginManager:220 - loadIPPluginJar : add linkedlist
2025-07-03 10:31:09,159 [INFO] IPUIPlugin:80 - create IPUIPlugin
2025-07-03 10:31:09,159 [INFO] PluginManager:220 - loadIPPluginJar : add lorawan
2025-07-03 10:31:09,198 [INFO] IPUIPlugin:80 - create IPUIPlugin
2025-07-03 10:31:09,198 [INFO] PluginManager:220 - loadIPPluginJar : add ltdc
2025-07-03 10:31:09,212 [INFO] IPUIPlugin:80 - create IPUIPlugin
2025-07-03 10:31:09,212 [INFO] PluginManager:220 - loadIPPluginJar : add mdma
2025-07-03 10:31:09,225 [INFO] IPUIPlugin:80 - create IPUIPlugin
2025-07-03 10:31:09,225 [INFO] PluginManager:220 - loadIPPluginJar : add nvic
2025-07-03 10:31:09,268 [INFO] IPUIPlugin:80 - create IPUIPlugin
2025-07-03 10:31:09,268 [INFO] PluginManager:220 - loadIPPluginJar : add opamp
2025-07-03 10:31:09,331 [INFO] IPUIPlugin:80 - create IPUIPlugin
2025-07-03 10:31:09,332 [INFO] PluginManager:220 - loadIPPluginJar : add openamp
2025-07-03 10:31:09,374 [INFO] IPUIPlugin:80 - create IPUIPlugin
2025-07-03 10:31:09,375 [INFO] PluginManager:220 - loadIPPluginJar : add pdm2pcm
2025-07-03 10:31:09,387 [INFO] IPUIPlugin:80 - create IPUIPlugin
2025-07-03 10:31:09,389 [INFO] PluginManager:220 - loadIPPluginJar : add plateformsettings
2025-07-03 10:31:09,415 [INFO] IPUIPlugin:80 - create IPUIPlugin
2025-07-03 10:31:09,415 [INFO] PluginManager:220 - loadIPPluginJar : add quadspi
2025-07-03 10:31:09,446 [INFO] IPUIPlugin:80 - create IPUIPlugin
2025-07-03 10:31:09,446 [INFO] PluginManager:220 - loadIPPluginJar : add radio
2025-07-03 10:31:09,461 [INFO] IPUIPlugin:80 - create IPUIPlugin
2025-07-03 10:31:09,461 [INFO] PluginManager:220 - loadIPPluginJar : add resmgrutility
2025-07-03 10:31:09,516 [INFO] IPUIPlugin:80 - create IPUIPlugin
2025-07-03 10:31:09,516 [INFO] PluginManager:220 - loadIPPluginJar : add sai
2025-07-03 10:31:09,559 [INFO] IPUIPlugin:80 - create IPUIPlugin
2025-07-03 10:31:09,559 [INFO] PluginManager:220 - loadIPPluginJar : add spi
2025-07-03 10:31:09,638 [INFO] IPUIPlugin:80 - create IPUIPlugin
2025-07-03 10:31:09,638 [INFO] PluginManager:220 - loadIPPluginJar : add stm32_wpan
2025-07-03 10:31:09,664 [INFO] IPUIPlugin:80 - create IPUIPlugin
2025-07-03 10:31:09,664 [INFO] PluginManager:220 - loadIPPluginJar : add tim
2025-07-03 10:31:09,725 [INFO] IPUIPlugin:80 - create IPUIPlugin
2025-07-03 10:31:09,726 [INFO] PluginManager:220 - loadIPPluginJar : add touchsensing
2025-07-03 10:31:09,750 [INFO] IPUIPlugin:80 - create IPUIPlugin
2025-07-03 10:31:09,750 [INFO] PluginManager:220 - loadIPPluginJar : add tracer_emb
2025-07-03 10:31:09,775 [INFO] IPUIPlugin:80 - create IPUIPlugin
2025-07-03 10:31:09,775 [INFO] PluginManager:220 - loadIPPluginJar : add ts
2025-07-03 10:31:09,800 [INFO] IPUIPlugin:80 - create IPUIPlugin
2025-07-03 10:31:09,800 [INFO] PluginManager:220 - loadIPPluginJar : add tsc
2025-07-03 10:31:09,823 [INFO] IPUIPlugin:80 - create IPUIPlugin
2025-07-03 10:31:09,823 [INFO] PluginManager:220 - loadIPPluginJar : add ucpd
2025-07-03 10:31:09,869 [INFO] IPUIPlugin:80 - create IPUIPlugin
2025-07-03 10:31:09,869 [INFO] PluginManager:220 - loadIPPluginJar : add usart
2025-07-03 10:31:09,919 [INFO] IPUIPlugin:80 - create IPUIPlugin
2025-07-03 10:31:09,919 [INFO] PluginManager:220 - loadIPPluginJar : add usbx
2025-07-03 10:31:10,040 [FATAL] Updater:351 - Updater called before beeing initialized
2025-07-03 10:31:10,073 [INFO] RulesReader:64 - Compatibility file has been processed (302 Rules)
2025-07-03 10:31:10,082 [INFO] RulesReader:64 - Compatibility file has been processed (302 Rules)
2025-07-03 10:31:10,088 [INFO] CADModel:165 - CPN selected for project level
2025-07-03 10:31:10,089 [INFO] CADModel:114 - Register for checkConnection events
2025-07-03 10:31:10,089 [FATAL] Updater:351 - Updater called before beeing initialized
2025-07-03 10:31:10,089 [ERROR] CADModel:125 - Updater not yet initialized, retry later 
2025-07-03 10:31:10,219 [FATAL] Updater:351 - Updater called before beeing initialized
2025-07-03 10:31:10,221 [INFO] CADModel:165 - CPN selected for project level
2025-07-03 10:31:10,221 [INFO] CADModel:114 - Register for checkConnection events
2025-07-03 10:31:10,221 [FATAL] Updater:351 - Updater called before beeing initialized
2025-07-03 10:31:10,221 [ERROR] CADModel:125 - Updater not yet initialized, retry later 
2025-07-03 10:31:10,224 [FATAL] Updater:351 - Updater called before beeing initialized
2025-07-03 10:31:10,313 [FATAL] Updater:351 - Updater called before beeing initialized
2025-07-03 10:31:10,323 [INFO] DbMcusAds:53 - JSON generation date=Thu Jun 19 15:32:37 ICT 2025 (1750321957418)
2025-07-03 10:31:10,323 [FATAL] Updater:351 - Updater called before beeing initialized
2025-07-03 10:31:10,406 [WARN] DetailPanel:346 - Failed to get advertising image, set to default
2025-07-03 10:31:10,440 [INFO] ThirdPartyUpdaterWithRetryManager:70 - Updater plugin not ready yet. [2/15]
2025-07-03 10:31:10,638 [FATAL] Updater:351 - Updater called before beeing initialized
2025-07-03 10:31:10,643 [FATAL] Updater:351 - Updater called before beeing initialized
2025-07-03 10:31:10,643 [FATAL] Updater:351 - Updater called before beeing initialized
2025-07-03 10:31:10,643 [WARN] DetailPanel:346 - Failed to get advertising image, set to default
2025-07-03 10:31:10,644 [FATAL] Updater:351 - Updater called before beeing initialized
2025-07-03 10:31:10,713 [ERROR] Updater:1198 - MainUpdater not yet initialized. External WinMGr cannot be set.
2025-07-03 10:31:10,724 [INFO] Updater:1134 - Updater Version found : 6.14.1
2025-07-03 10:31:10,741 [INFO] ApplicationProperties:184 - Using Application install path: D:\ST\STM32CubeIDE_1.18.1\STM32CubeIDE\plugins\com.st.stm32cube.common.mx_6.14.1.202504091515
2025-07-03 10:31:12,334 [ERROR] LogOutputStream:75 - [STDERR_REDIRECT] Jul 03, 2025 10:31:12 AM java.util.prefs.WindowsPreferences <init>
2025-07-03 10:31:12,335 [ERROR] LogOutputStream:75 - [STDERR_REDIRECT] WARNING: Could not open/create prefs root node Software\JavaSoft\Prefs at root 0xffffffff80000002. Windows RegCreateKeyEx(...) returned error code 5.
2025-07-03 10:31:12,335 [ERROR] LogOutputStream:75 - [STDERR_REDIRECT] 
2025-07-03 10:31:12,668 [INFO] MainUpdater:2872 - connection check result : 10
2025-07-03 10:31:12,668 [INFO] MainUpdater:289 - Updater Check For Update Now.
2025-07-03 10:31:12,669 [INFO] MicroXplorer:498 - Change Database Version : DB.6.0.141
2025-07-03 10:31:12,684 [INFO] McuFinderGlobals:63 - Set McuFinder mode to 2 (CubeIDE integrated)
2025-07-03 10:31:12,684 [INFO] UserAuth:171 - activating auth plugin
2025-07-03 10:31:12,688 [INFO] UserAuth:484 - Internet connection configuration mode: 1
2025-07-03 10:31:12,724 [INFO] JxBrowserEngine:152 - Initiate JxBrowser Engine with user profile folder
2025-07-03 10:31:12,890 [INFO] CheckServerUpdateThread:120 - End of CheckServer Thread
2025-07-03 10:31:13,849 [WARN] PackLoader:240 - Cannot read IP mode file for STMicroelectronics.FP-SNS-MOTENVWB1.1.4.0
2025-07-03 10:31:13,882 [WARN] PackLoader:240 - Cannot read IP mode file for STMicroelectronics.X-CUBE-SMBUS.2.1.0
2025-07-03 10:31:13,922 [WARN] PackLoader:240 - Cannot read IP mode file for STMicroelectronics.X-CUBE-ST60.1.0.0
2025-07-03 10:31:14,022 [WARN] PackLoader:240 - Cannot read IP mode file for STMicroelectronics.X-CUBE-AZRTOS-F7.1.1.0
2025-07-03 10:31:14,088 [WARN] PackLoader:240 - Cannot read IP mode file for Infineon.AIROC-Wi-Fi-Bluetooth-STM32.1.7.0
2025-07-03 10:31:14,133 [WARN] PackLoader:240 - Cannot read IP mode file for STMicroelectronics.X-CUBE-DISPLAY.3.0.0
2025-07-03 10:31:14,165 [WARN] PackLoader:240 - Cannot read IP mode file for STMicroelectronics.X-CUBE-NFC10.1.0.0
2025-07-03 10:31:14,205 [WARN] PackLoader:240 - Cannot read IP mode file for STMicroelectronics.X-CUBE-BLEMGR.4.0.0
2025-07-03 10:31:14,237 [WARN] PackLoader:240 - Cannot read IP mode file for emotas.I-CUBE-CANOPEN.1.3.0
2025-07-03 10:31:14,259 [WARN] ConditionMgr:438 - getConditionDescription Invalid condition id : Cortex-A Device cause : null
2025-07-03 10:31:14,293 [WARN] ConditionMgr:1044 - genDependencies : Invalid condition id : Cortex-A Device cause : null
2025-07-03 10:31:14,293 [WARN] ConditionMgr:1044 - genDependencies : Invalid condition id : Cortex-A Device cause : null
2025-07-03 10:31:14,293 [WARN] ConditionMgr:1044 - genDependencies : Invalid condition id : Cortex-A Device cause : null
2025-07-03 10:31:14,316 [WARN] PackLoader:240 - Cannot read IP mode file for STMicroelectronics.FP-SNS-SMARTAG2.1.2.0
2025-07-03 10:31:14,346 [INFO] LogOutputStream:77 - [STDOUT_REDIRECT] 1 : Invalid condition id : UX_CORESTACK_Condition cause : null
2025-07-03 10:31:14,347 [INFO] WebApp:169 - Instantiating new browser for Auth
2025-07-03 10:31:14,347 [INFO] LogOutputStream:77 - [STDOUT_REDIRECT] 1 : Invalid condition id : UX_CORESTACK_Condition cause : null
2025-07-03 10:31:14,348 [INFO] LogOutputStream:77 - [STDOUT_REDIRECT] 1 : Invalid condition id : UX_CORESTACK_Condition cause : null
2025-07-03 10:31:14,350 [INFO] LogOutputStream:77 - [STDOUT_REDIRECT] 1 : Invalid condition id : UX_CORESTACK_Condition cause : null
2025-07-03 10:31:14,352 [INFO] LogOutputStream:77 - [STDOUT_REDIRECT] 1 : Invalid condition id : UX_CORESTACK_Condition cause : null
2025-07-03 10:31:14,356 [WARN] PackLoader:240 - Cannot read IP mode file for STMicroelectronics.X-CUBE-AZRTOS-WL.2.0.0
2025-07-03 10:31:14,384 [WARN] PackLoader:240 - Cannot read IP mode file for STMicroelectronics.FP-SNS-MOTENV1.5.0.0
2025-07-03 10:31:14,415 [WARN] PackLoader:240 - Cannot read IP mode file for WES.I-CUBE-Cesium.1.3.0
2025-07-03 10:31:14,443 [WARN] PackLoader:240 - Cannot read IP mode file for STMicroelectronics.X-CUBE-BLE2.3.3.0
2025-07-03 10:31:14,468 [WARN] PackLoader:240 - Cannot read IP mode file for STMicroelectronics.X-CUBE-NFC9.1.0.0
2025-07-03 10:31:14,492 [WARN] PackLoader:240 - Cannot read IP mode file for wolfSSL.I-CUBE-wolfSSL.5.8.0
2025-07-03 10:31:14,514 [WARN] PackLoader:240 - Cannot read IP mode file for wolfSSL.I-CUBE-wolfMQTT.1.19.2
2025-07-03 10:31:14,589 [WARN] PackLoader:240 - Cannot read IP mode file for STMicroelectronics.X-CUBE-MEMS1.11.2.0
2025-07-03 10:31:14,809 [WARN] PackLoader:240 - Cannot read IP mode file for STMicroelectronics.X-CUBE-AZRTOS-G0.1.1.0
2025-07-03 10:31:14,841 [WARN] PackLoader:240 - Cannot read IP mode file for STMicroelectronics.X-CUBE-SAFEA1.1.2.2
2025-07-03 10:31:14,880 [WARN] PackLoader:240 - Cannot read IP mode file for STMicroelectronics.X-CUBE-NFC4.3.0.0
2025-07-03 10:31:14,912 [WARN] PackLoader:240 - Cannot read IP mode file for EmbeddedOffice.I-CUBE-FS-RTOS.1.0.1
2025-07-03 10:31:14,955 [WARN] PackLoader:240 - Cannot read IP mode file for STMicroelectronics.X-CUBE-WB05N.2.0.0
2025-07-03 10:31:14,990 [WARN] PackLoader:240 - Cannot read IP mode file for wolfSSL.I-CUBE-wolfTPM.3.8.0
2025-07-03 10:31:15,023 [WARN] PackLoader:240 - Cannot read IP mode file for STMicroelectronics.X-CUBE-TCPP.4.2.0
2025-07-03 10:31:15,053 [WARN] PackLoader:240 - Cannot read IP mode file for RealThread.X-CUBE-RT-Thread_Nano.4.1.1
2025-07-03 10:31:15,078 [WARN] PackLoader:240 - Cannot read IP mode file for STMicroelectronics.FP-ATR-SIGFOX1.3.2.0
2025-07-03 10:31:15,104 [WARN] PackLoader:240 - Cannot read IP mode file for STMicroelectronics.X-CUBE-EEPRMA1.5.1.0
2025-07-03 10:31:15,132 [WARN] PackLoader:240 - Cannot read IP mode file for ITTIA_DB.I-CUBE-ITTIADB.8.9.0
2025-07-03 10:31:15,159 [WARN] PackLoader:240 - Cannot read IP mode file for STMicroelectronics.X-CUBE-ST67W61.1.0.0
2025-07-03 10:31:15,209 [WARN] PackLoader:240 - Cannot read IP mode file for SEGGER.I-CUBE-embOS.1.3.1
2025-07-03 10:31:15,262 [WARN] PackLoader:240 - Cannot read IP mode file for STMicroelectronics.X-CUBE-ALGOBUILD.1.4.0
2025-07-03 10:31:15,343 [WARN] PackLoader:240 - Cannot read IP mode file for STMicroelectronics.X-CUBE-MEMS1.11.3.0
2025-07-03 10:31:15,683 [WARN] PackLoader:240 - Cannot read IP mode file for STMicroelectronics.X-CUBE-PM33A1.1.0.0
2025-07-03 10:31:15,750 [WARN] PackLoader:240 - Cannot read IP mode file for STMicroelectronics.X-CUBE-AZRTOS-F4.1.1.0
2025-07-03 10:31:15,775 [WARN] PackLoader:240 - Cannot read IP mode file for Avnet-IotConnect.X-CUBE-IoTC-DA16k-PMOD.1.0.0
2025-07-03 10:31:15,784 [INFO] WebApp:463 - Apply proxy settings
2025-07-03 10:31:15,785 [INFO] WebApp:548 - Chromium requires no authentication
2025-07-03 10:31:15,798 [WARN] PackLoader:240 - Cannot read IP mode file for STMicroelectronics.X-CUBE-ISPU.2.1.0
2025-07-03 10:31:15,799 [INFO] WebApp:491 - Direct internet connection detected
2025-07-03 10:31:15,835 [INFO] WebApp:894 - Register for checkConnection events
2025-07-03 10:31:15,835 [INFO] WebApp:463 - Apply proxy settings
2025-07-03 10:31:15,835 [INFO] WebApp:548 - Chromium requires no authentication
2025-07-03 10:31:15,836 [INFO] WebApp:491 - Direct internet connection detected
2025-07-03 10:31:15,840 [WARN] PackLoader:240 - Cannot read IP mode file for STMicroelectronics.X-CUBE-AZRTOS-L5.2.0.0
2025-07-03 10:31:15,873 [WARN] PackLoader:240 - Cannot read IP mode file for STMicroelectronics.X-CUBE-NFC6.3.1.0
2025-07-03 10:31:15,900 [WARN] PackLoader:240 - Cannot read IP mode file for STMicroelectronics.FP-SNS-STAIOTCFT.1.0.0
2025-07-03 10:31:15,942 [WARN] ConditionMgr:438 - getConditionDescription Invalid condition id : LAN8742 Phy interface Condition cause : null
2025-07-03 10:31:15,943 [WARN] PackLoader:240 - Cannot read IP mode file for STMicroelectronics.X-CUBE-AZRTOS-L4.2.0.0
2025-07-03 10:31:15,945 [WARN] ConditionMgr:1044 - genDependencies : Invalid condition id : LAN8742 Phy interface Condition cause : null
2025-07-03 10:31:15,945 [WARN] ConditionMgr:1044 - genDependencies : Invalid condition id : LAN8742 Phy interface Condition cause : null
2025-07-03 10:31:15,946 [WARN] ConditionMgr:1044 - genDependencies : Invalid condition id : LAN8742 Phy interface Condition cause : null
2025-07-03 10:31:15,970 [WARN] PackLoader:240 - Cannot read IP mode file for STMicroelectronics.X-CUBE-SFXS2LP1.4.0.0
2025-07-03 10:31:16,009 [WARN] PackLoader:240 - Cannot read IP mode file for STMicroelectronics.X-CUBE-AZRTOS-H7.3.3.0
2025-07-03 10:31:16,048 [WARN] ConditionMgr:438 - getConditionDescription Invalid condition id : UX DEVICE CLASS RTOS Condition cause : null
2025-07-03 10:31:16,049 [WARN] ConditionMgr:438 - getConditionDescription Invalid condition id : UX DEVICE CLASS RTOS Condition cause : null
2025-07-03 10:31:16,051 [WARN] PackLoader:240 - Cannot read IP mode file for STMicroelectronics.X-CUBE-AZRTOS-WB.2.0.0
2025-07-03 10:31:16,052 [WARN] ConditionMgr:1044 - genDependencies : Invalid condition id : UX DEVICE CLASS RTOS Condition cause : null
2025-07-03 10:31:16,052 [WARN] ConditionMgr:1044 - genDependencies : Invalid condition id : UX DEVICE CLASS RTOS Condition cause : null
2025-07-03 10:31:16,053 [WARN] ConditionMgr:1044 - genDependencies : Invalid condition id : UX DEVICE CLASS RTOS Condition cause : null
2025-07-03 10:31:16,053 [WARN] ConditionMgr:1044 - genDependencies : Invalid condition id : UX DEVICE CLASS RTOS Condition cause : null
2025-07-03 10:31:16,053 [WARN] ConditionMgr:1044 - genDependencies : Invalid condition id : UX DEVICE CLASS RTOS Condition cause : null
2025-07-03 10:31:16,070 [INFO] WebApp:191 - Connection restablished
2025-07-03 10:31:16,079 [WARN] PackLoader:240 - Cannot read IP mode file for STMicroelectronics.X-CUBE-GNSS1.7.0.1
2025-07-03 10:31:16,106 [WARN] PackLoader:240 - Cannot read IP mode file for STMicroelectronics.X-CUBE-TOUCHGFX.4.25.0
2025-07-03 10:31:16,125 [INFO] WebApp:225 - Starting web application
2025-07-03 10:31:16,125 [INFO] WebApp:593 - Web application path used D:\ST\STM32CubeIDE_1.18.1\STM32CubeIDE\plugins\com.st.stm32cube.common.mx_6.14.1.202504091515\db\plugins\mcufinder\reactClient1\index.html
2025-07-03 10:31:16,134 [WARN] PackLoader:240 - Cannot read IP mode file for STMicroelectronics.FP-SNS-STBOX1.2.0.0
2025-07-03 10:31:16,169 [WARN] PackLoader:240 - Cannot read IP mode file for STMicroelectronics.X-CUBE-SUBG2.5.0.0
2025-07-03 10:31:16,222 [WARN] PackLoader:240 - Cannot read IP mode file for STMicroelectronics.X-CUBE-AZRTOS-H7RS.1.1.0
2025-07-03 10:31:16,254 [WARN] PackLoader:240 - Cannot read IP mode file for Cesanta.I-CUBE-Mongoose.7.13.0
2025-07-03 10:31:16,296 [WARN] PackLoader:240 - Cannot read IP mode file for STMicroelectronics.X-CUBE-AZRTOS-G4.2.0.0
2025-07-03 10:31:16,318 [WARN] PackLoader:240 - Cannot read IP mode file for wolfSSL.I-CUBE-wolfSSH.1.4.20
2025-07-03 10:31:16,344 [WARN] PackLoader:240 - Cannot read IP mode file for STMicroelectronics.X-CUBE-NFC7.2.0.0
2025-07-03 10:31:16,379 [WARN] PackLoader:240 - Cannot read IP mode file for STMicroelectronics.X-CUBE-IPS.3.1.0
2025-07-03 10:31:16,413 [WARN] PackLoader:240 - Cannot read IP mode file for STMicroelectronics.X-CUBE-ALS.1.0.2
2025-07-03 10:31:16,437 [WARN] PackLoader:240 - Cannot read IP mode file for portGmbH.I-Cube-SoM-uGOAL.1.1.0
2025-07-03 10:31:16,473 [WARN] PackLoader:240 - Cannot read IP mode file for STMicroelectronics.X-CUBE-TOF1.3.4.3
2025-07-03 10:31:16,485 [INFO] ThirdParty:978 - Integrity check success = true
2025-07-03 10:31:16,485 [INFO] IntegrityCheckThread:100 - exiting critical section [integrity check]
2025-07-03 10:31:16,485 [INFO] IntegrityCheckThread:103 - End integrity checks thread
2025-07-03 11:08:13,980 [INFO] WebApp:194 - Connection lost
2025-07-03 11:08:14,481 [INFO] WebApp:191 - Connection restablished
2025-07-03 11:09:15,931 [INFO] WebApp:194 - Connection lost
2025-07-03 11:09:16,314 [INFO] WebApp:191 - Connection restablished
2025-07-03 12:02:58,464 [INFO] WebApp:194 - Connection lost
2025-07-03 12:02:58,778 [INFO] WebApp:191 - Connection restablished
2025-07-03 12:03:25,915 [INFO] WebApp:194 - Connection lost
2025-07-03 12:03:26,050 [INFO] WebApp:191 - Connection restablished
2025-07-03 12:04:39,416 [INFO] WebApp:194 - Connection lost
2025-07-03 12:04:40,115 [INFO] WebApp:191 - Connection restablished
2025-07-03 12:08:24,956 [INFO] WebApp:194 - Connection lost
2025-07-03 12:08:25,153 [INFO] WebApp:191 - Connection restablished
2025-07-03 12:45:30,938 [INFO] WebApp:194 - Connection lost
2025-07-03 12:45:31,193 [INFO] WebApp:191 - Connection restablished
2025-07-03 12:58:07,687 [INFO] WebApp:194 - Connection lost
2025-07-03 12:58:07,929 [INFO] WebApp:191 - Connection restablished
2025-07-03 12:58:10,906 [INFO] WebApp:194 - Connection lost
2025-07-03 12:58:11,045 [INFO] WebApp:191 - Connection restablished
2025-07-03 12:58:49,964 [INFO] WebApp:194 - Connection lost
2025-07-03 12:58:50,174 [INFO] WebApp:191 - Connection restablished
2025-07-03 13:18:46,941 [INFO] WebApp:194 - Connection lost
2025-07-03 13:18:47,166 [INFO] WebApp:191 - Connection restablished
2025-07-03 13:22:39,957 [INFO] WebApp:194 - Connection lost
2025-07-03 13:22:45,946 [INFO] WebApp:191 - Connection restablished
2025-07-03 13:22:48,417 [INFO] WebApp:194 - Connection lost
2025-07-03 13:22:48,544 [INFO] WebApp:191 - Connection restablished
2025-07-03 13:23:19,435 [INFO] WebApp:194 - Connection lost
2025-07-03 13:23:19,729 [INFO] WebApp:191 - Connection restablished
2025-07-03 13:28:36,438 [INFO] WebApp:194 - Connection lost
2025-07-03 13:28:36,646 [INFO] WebApp:191 - Connection restablished
2025-07-03 13:40:06,433 [INFO] WebApp:194 - Connection lost
2025-07-03 13:40:07,766 [INFO] WebApp:191 - Connection restablished
2025-07-03 13:42:50,449 [INFO] WebApp:194 - Connection lost
2025-07-03 13:42:50,706 [INFO] WebApp:191 - Connection restablished
2025-07-03 13:43:32,455 [INFO] WebApp:194 - Connection lost
2025-07-03 13:43:32,847 [INFO] WebApp:191 - Connection restablished
2025-07-03 13:55:27,964 [INFO] WebApp:194 - Connection lost
2025-07-03 13:55:28,195 [INFO] WebApp:191 - Connection restablished
2025-07-03 14:12:23,488 [INFO] WebApp:194 - Connection lost
2025-07-03 14:12:24,915 [INFO] WebApp:191 - Connection restablished
2025-07-03 14:12:28,460 [INFO] WebApp:194 - Connection lost
2025-07-03 14:12:28,702 [INFO] WebApp:191 - Connection restablished
2025-07-03 14:19:56,721 [INFO] WebApp:194 - Connection lost
2025-07-03 14:19:57,011 [INFO] WebApp:191 - Connection restablished
2025-07-03 14:19:59,936 [INFO] WebApp:194 - Connection lost
2025-07-03 14:20:00,079 [INFO] WebApp:191 - Connection restablished
2025-07-03 14:22:56,952 [INFO] WebApp:194 - Connection lost
2025-07-03 14:22:57,221 [INFO] WebApp:191 - Connection restablished
2025-07-03 14:23:48,519 [INFO] WebApp:194 - Connection lost
2025-07-03 14:23:48,713 [INFO] WebApp:191 - Connection restablished
2025-07-03 14:24:02,020 [INFO] WebApp:194 - Connection lost
2025-07-03 14:24:02,212 [INFO] WebApp:191 - Connection restablished
2025-07-03 14:24:38,812 [INFO] WebApp:194 - Connection lost
2025-07-03 14:24:38,988 [INFO] WebApp:191 - Connection restablished
2025-07-03 14:24:44,955 [INFO] WebApp:194 - Connection lost
2025-07-03 14:24:45,102 [INFO] WebApp:191 - Connection restablished
2025-07-03 14:24:48,452 [INFO] WebApp:194 - Connection lost
2025-07-03 14:24:48,584 [INFO] WebApp:191 - Connection restablished
2025-07-03 14:24:51,637 [INFO] WebApp:194 - Connection lost
2025-07-03 14:24:51,780 [INFO] WebApp:191 - Connection restablished
2025-07-03 14:28:34,463 [INFO] WebApp:194 - Connection lost
2025-07-03 14:28:34,715 [INFO] WebApp:191 - Connection restablished
2025-07-03 14:30:49,450 [INFO] WebApp:194 - Connection lost
2025-07-03 14:30:49,684 [INFO] WebApp:191 - Connection restablished
2025-07-03 15:05:24,962 [INFO] WebApp:194 - Connection lost
2025-07-03 15:05:25,175 [INFO] WebApp:191 - Connection restablished
2025-07-03 15:06:07,939 [INFO] WebApp:194 - Connection lost
2025-07-03 15:06:08,308 [INFO] WebApp:191 - Connection restablished
2025-07-03 16:35:32,564 [INFO] WebApp:194 - Connection lost
2025-07-03 16:35:44,647 [INFO] WebApp:191 - Connection restablished
2025-07-03 16:36:31,446 [INFO] WebApp:194 - Connection lost
2025-07-03 16:36:31,681 [INFO] WebApp:191 - Connection restablished
2025-07-03 16:38:02,955 [INFO] WebApp:194 - Connection lost
2025-07-03 16:38:12,200 [INFO] WebApp:191 - Connection restablished
2025-07-03 16:38:15,424 [INFO] WebApp:194 - Connection lost
2025-07-03 16:38:15,550 [INFO] WebApp:191 - Connection restablished
2025-07-03 16:38:32,456 [INFO] WebApp:194 - Connection lost
2025-07-03 16:38:32,587 [INFO] WebApp:191 - Connection restablished
2025-07-03 16:44:23,927 [INFO] WebApp:194 - Connection lost
2025-07-03 16:44:24,145 [INFO] WebApp:191 - Connection restablished
2025-07-03 16:44:47,447 [INFO] WebApp:194 - Connection lost
2025-07-03 16:44:47,578 [INFO] WebApp:191 - Connection restablished
2025-07-03 16:49:20,460 [INFO] WebApp:194 - Connection lost
2025-07-03 16:49:20,785 [INFO] WebApp:191 - Connection restablished
2025-07-03 17:14:58,448 [INFO] WebApp:194 - Connection lost
2025-07-03 17:14:58,678 [INFO] WebApp:191 - Connection restablished
2025-07-03 17:45:14,539 [INFO] WebApp:194 - Connection lost
2025-07-03 17:45:14,959 [INFO] WebApp:191 - Connection restablished
2025-07-03 17:45:17,915 [INFO] WebApp:194 - Connection lost
2025-07-03 17:45:18,059 [INFO] WebApp:191 - Connection restablished
2025-07-03 17:51:02,969 [INFO] WebApp:194 - Connection lost
2025-07-03 17:51:03,168 [INFO] WebApp:191 - Connection restablished
2025-07-03 17:51:19,435 [INFO] WebApp:194 - Connection lost
2025-07-03 17:51:19,572 [INFO] WebApp:191 - Connection restablished
2025-07-03 18:37:14,168 [ERROR] LogOutputStream:75 - [STDERR_REDIRECT] 
2025-07-03 20:17:40,867 [INFO] Activator:176 - 


2025-07-03 20:17:40,867 [INFO] Activator:177 - !SESSION log4j initialized
2025-07-03 20:17:47,163 [INFO] LogOutputStream:77 - [STDOUT_REDIRECT] 
2025-07-03 20:17:50,174 [INFO] ApplicationProperties:184 - Using Application install path: D:\ST\STM32CubeIDE_1.18.1\STM32CubeIDE\plugins\com.st.stm32cube.common.mx_6.14.1.202504091515
2025-07-03 20:17:50,188 [INFO] DbMcusXml:78 - Set database path to: D:\ST\STM32CubeIDE_1.18.1\STM32CubeIDE\plugins\com.st.stm32cube.common.mx_6.14.1.202504091515\\db\/mcu/
2025-07-03 20:17:50,188 [INFO] ApiDb:274 - Set plugin database path to: D:\ST\STM32CubeIDE_1.18.1\STM32CubeIDE\plugins\com.st.stm32cube.common.mx_6.14.1.202504091515\\db\/plugins/boardmanager/
2025-07-03 20:17:50,188 [WARN] ApiDb:259 - Overriding images path with different value:  => D:\ST\STM32CubeIDE_1.18.1\STM32CubeIDE\plugins\com.st.stm32cube.common.mx_6.14.1.202504091515\\db\/plugins/mcufinder/images/
2025-07-03 20:17:50,195 [INFO] ApiDb:250 - Set database path to: C:\Users\Lenovo\.stmcufinder\plugins\mcufinder//mcu/
2025-07-03 20:17:50,196 [INFO] DbMcusAds:125 - Set database path to: C:\Users\Lenovo\.stmcufinder\plugins\mcufinder//mcu/
2025-07-03 20:17:50,857 [INFO] CrossReferenceDbSqlite:203 - Set database path to: C:\Users\Lenovo\.stmcufinder\plugins\mcufinder//mcu/cs/
2025-07-03 20:17:50,972 [INFO] RulesReader:64 - Compatibility file has been processed (302 Rules)
2025-07-03 20:17:51,041 [INFO] DbMcusXml:78 - Set database path to: D:\ST\STM32CubeIDE_1.18.1\STM32CubeIDE\plugins\com.st.stm32cube.common.mx_6.14.1.202504091515\\db\/mcu/
2025-07-03 20:17:51,041 [INFO] ApiDb:274 - Set plugin database path to: D:\ST\STM32CubeIDE_1.18.1\STM32CubeIDE\plugins\com.st.stm32cube.common.mx_6.14.1.202504091515\\db\/plugins/boardmanager/
2025-07-03 20:17:51,042 [INFO] ApiDb:261 - Set plugin images path to: D:\ST\STM32CubeIDE_1.18.1\STM32CubeIDE\plugins\com.st.stm32cube.common.mx_6.14.1.202504091515\\db\/plugins/mcufinder/images/
2025-07-03 20:17:51,042 [WARN] DbFile:41 - Overriding database path with different value: C:\Users\Lenovo\.stmcufinder\plugins\mcufinder/ => C:\Users\Lenovo\.stmcufinder\plugins\mcufinder
2025-07-03 20:17:51,042 [INFO] ApiDb:250 - Set database path to: C:\Users\Lenovo\.stmcufinder\plugins\mcufinder//mcu/
2025-07-03 20:17:51,042 [WARN] DbFile:41 - Overriding database path with different value: C:\Users\Lenovo\.stmcufinder\plugins\mcufinder/ => C:\Users\Lenovo\.stmcufinder\plugins\mcufinder
2025-07-03 20:17:51,042 [INFO] DbMcusAds:125 - Set database path to: C:\Users\Lenovo\.stmcufinder\plugins\mcufinder//mcu/
2025-07-03 20:17:51,042 [WARN] DbFile:41 - Overriding database path with different value: C:\Users\Lenovo\.stmcufinder\plugins\mcufinder/ => C:\Users\Lenovo\.stmcufinder\plugins\mcufinder
2025-07-03 20:17:51,042 [WARN] DbFile:41 - Overriding database path with different value: C:\Users\Lenovo\.stmcufinder\plugins\mcufinder/ => C:\Users\Lenovo\.stmcufinder\plugins\mcufinder
2025-07-03 20:17:51,857 [INFO] CrossReferenceDbSqlite:203 - Set database path to: C:\Users\Lenovo\.stmcufinder\plugins\mcufinder//mcu/cs/
2025-07-03 20:17:51,949 [INFO] MainPanel:272 - HeapMemory: 268435456
2025-07-03 20:17:52,046 [INFO] DbMcusXml:78 - Set database path to: D:\ST\STM32CubeIDE_1.18.1\STM32CubeIDE\plugins\com.st.stm32cube.common.mx_6.14.1.202504091515\\db\/mcu/
2025-07-03 20:17:52,046 [INFO] ApiDb:274 - Set plugin database path to: D:\ST\STM32CubeIDE_1.18.1\STM32CubeIDE\plugins\com.st.stm32cube.common.mx_6.14.1.202504091515\\db\/plugins/boardmanager/
2025-07-03 20:17:52,046 [INFO] ApiDb:261 - Set plugin images path to: D:\ST\STM32CubeIDE_1.18.1\STM32CubeIDE\plugins\com.st.stm32cube.common.mx_6.14.1.202504091515\\db\/plugins/mcufinder/images/
2025-07-03 20:17:52,046 [WARN] DbFile:41 - Overriding database path with different value: C:\Users\Lenovo\.stmcufinder\plugins\mcufinder/ => C:\Users\Lenovo\.stmcufinder\plugins\mcufinder
2025-07-03 20:17:52,046 [INFO] ApiDb:250 - Set database path to: C:\Users\Lenovo\.stmcufinder\plugins\mcufinder//mcu/
2025-07-03 20:17:52,046 [WARN] DbFile:41 - Overriding database path with different value: C:\Users\Lenovo\.stmcufinder\plugins\mcufinder/ => C:\Users\Lenovo\.stmcufinder\plugins\mcufinder
2025-07-03 20:17:52,046 [INFO] DbMcusAds:125 - Set database path to: C:\Users\Lenovo\.stmcufinder\plugins\mcufinder//mcu/
2025-07-03 20:17:52,046 [WARN] DbFile:41 - Overriding database path with different value: C:\Users\Lenovo\.stmcufinder\plugins\mcufinder/ => C:\Users\Lenovo\.stmcufinder\plugins\mcufinder
2025-07-03 20:17:52,046 [WARN] DbFile:41 - Overriding database path with different value: C:\Users\Lenovo\.stmcufinder\plugins\mcufinder/ => C:\Users\Lenovo\.stmcufinder\plugins\mcufinder
2025-07-03 20:17:52,856 [INFO] CrossReferenceDbSqlite:203 - Set database path to: C:\Users\Lenovo\.stmcufinder\plugins\mcufinder//mcu/cs/
2025-07-03 20:17:52,876 [INFO] ApplicationProperties:184 - Using Application install path: D:\ST\STM32CubeIDE_1.18.1\STM32CubeIDE\plugins\com.st.stm32cube.common.mx_6.14.1.202504091515
2025-07-03 20:17:52,877 [INFO] PluginManage:196 - Search for loadable plugins [exclusion list=, ]
2025-07-03 20:17:52,879 [INFO] PluginManage:310 - Check plugin analytics
2025-07-03 20:17:53,922 [INFO] AnalyticsPlugin:253 - Accepted Software Licenses: 
2025-07-03 20:17:53,922 [INFO] AnalyticsPlugin:255 - Accepted CMSIS Pack Licenses: 
2025-07-03 20:17:53,922 [INFO] AnalyticsPlugin:257 - Accepted Firmware Licenses: 
2025-07-03 20:17:53,925 [INFO] PluginManage:359 - Loaded plugin analytics (category:tool,tabindex:-1)
2025-07-03 20:17:53,925 [INFO] PluginManage:310 - Check plugin cadmodel
2025-07-03 20:17:53,941 [INFO] CADModel:105 - Init CAD model plugin
2025-07-03 20:17:53,941 [INFO] PluginManage:359 - Loaded plugin cadmodel (category:power,tabindex:5)
2025-07-03 20:17:53,941 [INFO] PluginManage:310 - Check plugin clock
2025-07-03 20:17:53,962 [INFO] PluginManage:359 - Loaded plugin clock (category:base,tabindex:2)
2025-07-03 20:17:53,962 [INFO] PluginManage:310 - Check plugin ddr
2025-07-03 20:17:53,966 [INFO] PluginManage:359 - Loaded plugin ddr (category:tool,tabindex:6)
2025-07-03 20:17:53,966 [INFO] PluginManage:310 - Check plugin filemanager
2025-07-03 20:17:54,086 [INFO] PluginManage:359 - Loaded plugin filemanager (category:base,tabindex:10)
2025-07-03 20:17:54,086 [INFO] PluginManage:310 - Check plugin ipmanager
2025-07-03 20:17:54,091 [INFO] PluginManage:359 - Loaded plugin ipmanager (category:base,tabindex:5)
2025-07-03 20:17:54,091 [INFO] PluginManage:310 - Check plugin lpbam
2025-07-03 20:17:54,107 [INFO] PluginManage:359 - Loaded plugin lpbam (category:base,tabindex:0)
2025-07-03 20:17:54,107 [INFO] PluginManage:310 - Check plugin memorymap
2025-07-03 20:17:54,128 [INFO] PluginManage:359 - Loaded plugin memorymap (category:base,tabindex:4)
2025-07-03 20:17:54,128 [INFO] PluginManage:310 - Check plugin pinoutandconfiguration
2025-07-03 20:17:54,146 [INFO] PluginManage:359 - Loaded plugin pinoutandconfiguration (category:base,tabindex:1)
2025-07-03 20:17:54,146 [INFO] PluginManage:310 - Check plugin pinoutconfig
2025-07-03 20:17:54,232 [WARN] SupportedApi:132 - Cannot load RTOS API schema: s4s-elt-must-match.1: The content of 'definitions' must match (annotation?, (simpleType | complexType)?, (unique | key | keyref)*)). A problem was found starting at: attribute.
2025-07-03 20:17:54,342 [INFO] PluginManage:359 - Loaded plugin pinoutconfig (category:base,tabindex:0)
2025-07-03 20:17:54,342 [INFO] PluginManage:310 - Check plugin power
2025-07-03 20:17:54,365 [INFO] PluginManage:359 - Loaded plugin power (category:power,tabindex:4)
2025-07-03 20:17:54,365 [INFO] PluginManage:310 - Check plugin projectmanager
2025-07-03 20:17:54,377 [INFO] PluginManage:359 - Loaded plugin projectmanager (category:projectmanager,tabindex:4)
2025-07-03 20:17:54,377 [INFO] PluginManage:310 - Check plugin rif
2025-07-03 20:17:54,396 [INFO] PluginManage:359 - Loaded plugin rif (category:base,tabindex:3)
2025-07-03 20:17:54,397 [INFO] PluginManage:310 - Check plugin thirdparty
2025-07-03 20:17:54,664 [INFO] PluginManage:359 - Loaded plugin thirdparty (category:base,tabindex:-1)
2025-07-03 20:17:54,664 [WARN] IntegrityCheckThread:84 - waiting for thirdparty lock release [integrity check]
2025-07-03 20:17:54,665 [INFO] PluginManage:310 - Check plugin tools
2025-07-03 20:17:54,665 [INFO] IntegrityCheckThread:86 - entering critical section [integrity check]
2025-07-03 20:17:54,665 [INFO] ThirdPartyUpdaterWithRetryManager:70 - Updater plugin not ready yet. [1/15]
2025-07-03 20:17:54,703 [INFO] PluginManage:359 - Loaded plugin tools (category:base,tabindex:7)
2025-07-03 20:17:54,703 [INFO] PluginManage:310 - Check plugin tutovideos
2025-07-03 20:17:54,873 [INFO] PluginManage:359 - Loaded plugin tutovideos (category:base,tabindex:-1)
2025-07-03 20:17:54,874 [INFO] PluginManage:310 - Check plugin updater
2025-07-03 20:17:54,894 [INFO] PluginManage:359 - Loaded plugin updater (category:base,tabindex:12)
2025-07-03 20:17:54,895 [INFO] PluginManage:310 - Check plugin userauth
2025-07-03 20:17:54,899 [INFO] UserAuth:118 - Init User Auth plugin
2025-07-03 20:17:54,900 [INFO] PluginManage:359 - Loaded plugin userauth (category:base,tabindex:14)
2025-07-03 20:17:54,900 [INFO] PluginManage:283 - PluginManage : Loaded plugins [18]
2025-07-03 20:17:55,093 [INFO] PinOutPanel:1589 - setPackage(No Configuration,No Configuration)
2025-07-03 20:17:55,173 [INFO] CADModel:165 - CPN selected for project level
2025-07-03 20:17:55,173 [INFO] CADModel:114 - Register for checkConnection events
2025-07-03 20:17:55,198 [INFO] IPUIPlugin:80 - create IPUIPlugin
2025-07-03 20:17:55,198 [INFO] PluginManager:220 - loadIPPluginJar : add adc
2025-07-03 20:17:55,241 [INFO] IPUIPlugin:80 - create IPUIPlugin
2025-07-03 20:17:55,241 [INFO] PluginManager:220 - loadIPPluginJar : add aes
2025-07-03 20:17:55,289 [INFO] IPUIPlugin:80 - create IPUIPlugin
2025-07-03 20:17:55,290 [INFO] PluginManager:220 - loadIPPluginJar : add can
2025-07-03 20:17:55,319 [INFO] IPUIPlugin:80 - create IPUIPlugin
2025-07-03 20:17:55,319 [INFO] PluginManager:220 - loadIPPluginJar : add comp
2025-07-03 20:17:55,356 [INFO] IPUIPlugin:80 - create IPUIPlugin
2025-07-03 20:17:55,356 [INFO] PluginManager:220 - loadIPPluginJar : add cryp
2025-07-03 20:17:55,368 [INFO] IPUIPlugin:80 - create IPUIPlugin
2025-07-03 20:17:55,369 [INFO] PluginManager:220 - loadIPPluginJar : add ddr_ctrl_phy
2025-07-03 20:17:55,398 [INFO] IPUIPlugin:80 - create IPUIPlugin
2025-07-03 20:17:55,398 [INFO] PluginManager:220 - loadIPPluginJar : add dfsdm
2025-07-03 20:17:55,412 [INFO] IPUIPlugin:80 - create IPUIPlugin
2025-07-03 20:17:55,413 [INFO] PluginManager:220 - loadIPPluginJar : add dma
2025-07-03 20:17:55,452 [INFO] IPUIPlugin:80 - create IPUIPlugin
2025-07-03 20:17:55,452 [INFO] PluginManager:220 - loadIPPluginJar : add dma3
2025-07-03 20:17:55,495 [INFO] IPUIPlugin:80 - create IPUIPlugin
2025-07-03 20:17:55,495 [INFO] PluginManager:220 - loadIPPluginJar : add extmemmanager
2025-07-03 20:17:55,517 [INFO] IPUIPlugin:80 - create IPUIPlugin
2025-07-03 20:17:55,517 [INFO] PluginManager:220 - loadIPPluginJar : add fatfs
2025-07-03 20:17:55,565 [INFO] IPUIPlugin:80 - create IPUIPlugin
2025-07-03 20:17:55,565 [INFO] PluginManager:220 - loadIPPluginJar : add fmc
2025-07-03 20:17:55,580 [INFO] IPUIPlugin:80 - create IPUIPlugin
2025-07-03 20:17:55,580 [INFO] PluginManager:220 - loadIPPluginJar : add freertos
2025-07-03 20:17:55,606 [INFO] IPUIPlugin:80 - create IPUIPlugin
2025-07-03 20:17:55,606 [INFO] PluginManager:220 - loadIPPluginJar : add genericplugin
2025-07-03 20:17:55,701 [INFO] IPUIPlugin:80 - create IPUIPlugin
2025-07-03 20:17:55,701 [INFO] PluginManager:220 - loadIPPluginJar : add gfxmmu
2025-07-03 20:17:55,823 [INFO] IPUIPlugin:80 - create IPUIPlugin
2025-07-03 20:17:55,823 [INFO] PluginManager:220 - loadIPPluginJar : add gic
2025-07-03 20:17:55,835 [INFO] IPUIPlugin:80 - create IPUIPlugin
2025-07-03 20:17:55,835 [INFO] PluginManager:220 - loadIPPluginJar : add gpio
2025-07-03 20:17:55,923 [INFO] IPUIPlugin:80 - create IPUIPlugin
2025-07-03 20:17:55,923 [INFO] PluginManager:220 - loadIPPluginJar : add gtzc
2025-07-03 20:17:55,955 [INFO] IPUIPlugin:80 - create IPUIPlugin
2025-07-03 20:17:55,955 [INFO] PluginManager:220 - loadIPPluginJar : add hash
2025-07-03 20:17:56,006 [INFO] IPUIPlugin:80 - create IPUIPlugin
2025-07-03 20:17:56,006 [INFO] PluginManager:220 - loadIPPluginJar : add i2c
2025-07-03 20:17:56,047 [INFO] IPUIPlugin:80 - create IPUIPlugin
2025-07-03 20:17:56,047 [INFO] PluginManager:220 - loadIPPluginJar : add i2s
2025-07-03 20:17:56,087 [INFO] IPUIPlugin:80 - create IPUIPlugin
2025-07-03 20:17:56,087 [INFO] PluginManager:220 - loadIPPluginJar : add i3c
2025-07-03 20:17:56,182 [INFO] IPUIPlugin:80 - create IPUIPlugin
2025-07-03 20:17:56,183 [INFO] PluginManager:220 - loadIPPluginJar : add ipddr
2025-07-03 20:17:56,273 [INFO] IPUIPlugin:80 - create IPUIPlugin
2025-07-03 20:17:56,273 [INFO] PluginManager:220 - loadIPPluginJar : add linkedlist
2025-07-03 20:17:56,308 [INFO] IPUIPlugin:80 - create IPUIPlugin
2025-07-03 20:17:56,308 [INFO] PluginManager:220 - loadIPPluginJar : add lorawan
2025-07-03 20:17:56,344 [INFO] IPUIPlugin:80 - create IPUIPlugin
2025-07-03 20:17:56,345 [INFO] PluginManager:220 - loadIPPluginJar : add ltdc
2025-07-03 20:17:56,359 [INFO] IPUIPlugin:80 - create IPUIPlugin
2025-07-03 20:17:56,359 [INFO] PluginManager:220 - loadIPPluginJar : add mdma
2025-07-03 20:17:56,371 [INFO] IPUIPlugin:80 - create IPUIPlugin
2025-07-03 20:17:56,371 [INFO] PluginManager:220 - loadIPPluginJar : add nvic
2025-07-03 20:17:56,409 [INFO] IPUIPlugin:80 - create IPUIPlugin
2025-07-03 20:17:56,409 [INFO] PluginManager:220 - loadIPPluginJar : add opamp
2025-07-03 20:17:56,478 [INFO] IPUIPlugin:80 - create IPUIPlugin
2025-07-03 20:17:56,478 [INFO] PluginManager:220 - loadIPPluginJar : add openamp
2025-07-03 20:17:56,521 [INFO] IPUIPlugin:80 - create IPUIPlugin
2025-07-03 20:17:56,521 [INFO] PluginManager:220 - loadIPPluginJar : add pdm2pcm
2025-07-03 20:17:56,536 [INFO] IPUIPlugin:80 - create IPUIPlugin
2025-07-03 20:17:56,537 [INFO] PluginManager:220 - loadIPPluginJar : add plateformsettings
2025-07-03 20:17:56,561 [INFO] IPUIPlugin:80 - create IPUIPlugin
2025-07-03 20:17:56,561 [INFO] PluginManager:220 - loadIPPluginJar : add quadspi
2025-07-03 20:17:56,588 [INFO] IPUIPlugin:80 - create IPUIPlugin
2025-07-03 20:17:56,588 [INFO] PluginManager:220 - loadIPPluginJar : add radio
2025-07-03 20:17:56,601 [INFO] IPUIPlugin:80 - create IPUIPlugin
2025-07-03 20:17:56,601 [INFO] PluginManager:220 - loadIPPluginJar : add resmgrutility
2025-07-03 20:17:56,646 [INFO] IPUIPlugin:80 - create IPUIPlugin
2025-07-03 20:17:56,646 [INFO] PluginManager:220 - loadIPPluginJar : add sai
2025-07-03 20:17:56,682 [INFO] IPUIPlugin:80 - create IPUIPlugin
2025-07-03 20:17:56,682 [INFO] PluginManager:220 - loadIPPluginJar : add spi
2025-07-03 20:17:56,755 [INFO] IPUIPlugin:80 - create IPUIPlugin
2025-07-03 20:17:56,755 [INFO] PluginManager:220 - loadIPPluginJar : add stm32_wpan
2025-07-03 20:17:56,779 [INFO] IPUIPlugin:80 - create IPUIPlugin
2025-07-03 20:17:56,779 [INFO] PluginManager:220 - loadIPPluginJar : add tim
2025-07-03 20:17:56,836 [INFO] IPUIPlugin:80 - create IPUIPlugin
2025-07-03 20:17:56,836 [INFO] PluginManager:220 - loadIPPluginJar : add touchsensing
2025-07-03 20:17:56,859 [INFO] IPUIPlugin:80 - create IPUIPlugin
2025-07-03 20:17:56,859 [INFO] PluginManager:220 - loadIPPluginJar : add tracer_emb
2025-07-03 20:17:56,883 [INFO] IPUIPlugin:80 - create IPUIPlugin
2025-07-03 20:17:56,883 [INFO] PluginManager:220 - loadIPPluginJar : add ts
2025-07-03 20:17:56,906 [INFO] IPUIPlugin:80 - create IPUIPlugin
2025-07-03 20:17:56,906 [INFO] PluginManager:220 - loadIPPluginJar : add tsc
2025-07-03 20:17:56,927 [INFO] IPUIPlugin:80 - create IPUIPlugin
2025-07-03 20:17:56,927 [INFO] PluginManager:220 - loadIPPluginJar : add ucpd
2025-07-03 20:17:56,968 [INFO] IPUIPlugin:80 - create IPUIPlugin
2025-07-03 20:17:56,968 [INFO] PluginManager:220 - loadIPPluginJar : add usart
2025-07-03 20:17:57,012 [INFO] IPUIPlugin:80 - create IPUIPlugin
2025-07-03 20:17:57,012 [INFO] PluginManager:220 - loadIPPluginJar : add usbx
2025-07-03 20:17:57,131 [FATAL] Updater:351 - Updater called before beeing initialized
2025-07-03 20:17:57,168 [INFO] RulesReader:64 - Compatibility file has been processed (302 Rules)
2025-07-03 20:17:57,177 [INFO] RulesReader:64 - Compatibility file has been processed (302 Rules)
2025-07-03 20:17:57,182 [INFO] CADModel:165 - CPN selected for project level
2025-07-03 20:17:57,183 [INFO] CADModel:114 - Register for checkConnection events
2025-07-03 20:17:57,183 [FATAL] Updater:351 - Updater called before beeing initialized
2025-07-03 20:17:57,183 [ERROR] CADModel:125 - Updater not yet initialized, retry later 
2025-07-03 20:17:57,317 [FATAL] Updater:351 - Updater called before beeing initialized
2025-07-03 20:17:57,319 [INFO] CADModel:165 - CPN selected for project level
2025-07-03 20:17:57,319 [INFO] CADModel:114 - Register for checkConnection events
2025-07-03 20:17:57,319 [FATAL] Updater:351 - Updater called before beeing initialized
2025-07-03 20:17:57,319 [ERROR] CADModel:125 - Updater not yet initialized, retry later 
2025-07-03 20:17:57,322 [FATAL] Updater:351 - Updater called before beeing initialized
2025-07-03 20:17:57,407 [FATAL] Updater:351 - Updater called before beeing initialized
2025-07-03 20:17:57,417 [INFO] DbMcusAds:53 - JSON generation date=Thu Jun 19 15:32:37 ICT 2025 (1750321957418)
2025-07-03 20:17:57,417 [FATAL] Updater:351 - Updater called before beeing initialized
2025-07-03 20:17:57,494 [WARN] DetailPanel:346 - Failed to get advertising image, set to default
2025-07-03 20:17:57,666 [INFO] ThirdPartyUpdaterWithRetryManager:70 - Updater plugin not ready yet. [2/15]
2025-07-03 20:17:57,700 [FATAL] Updater:351 - Updater called before beeing initialized
2025-07-03 20:17:57,702 [FATAL] Updater:351 - Updater called before beeing initialized
2025-07-03 20:17:57,702 [FATAL] Updater:351 - Updater called before beeing initialized
2025-07-03 20:17:57,702 [WARN] DetailPanel:346 - Failed to get advertising image, set to default
2025-07-03 20:17:57,703 [FATAL] Updater:351 - Updater called before beeing initialized
2025-07-03 20:17:57,755 [ERROR] Updater:1198 - MainUpdater not yet initialized. External WinMGr cannot be set.
2025-07-03 20:17:57,765 [INFO] Updater:1134 - Updater Version found : 6.14.1
2025-07-03 20:17:57,780 [INFO] ApplicationProperties:184 - Using Application install path: D:\ST\STM32CubeIDE_1.18.1\STM32CubeIDE\plugins\com.st.stm32cube.common.mx_6.14.1.202504091515
2025-07-03 20:17:59,356 [ERROR] LogOutputStream:75 - [STDERR_REDIRECT] Jul 03, 2025 8:17:59 PM java.util.prefs.WindowsPreferences <init>
2025-07-03 20:17:59,358 [ERROR] LogOutputStream:75 - [STDERR_REDIRECT] WARNING: Could not open/create prefs root node Software\JavaSoft\Prefs at root 0xffffffff80000002. Windows RegCreateKeyEx(...) returned error code 5.
2025-07-03 20:17:59,358 [ERROR] LogOutputStream:75 - [STDERR_REDIRECT] 
2025-07-03 20:17:59,845 [INFO] MainUpdater:2872 - connection check result : 10
2025-07-03 20:17:59,846 [INFO] MainUpdater:289 - Updater Check For Update Now.
2025-07-03 20:17:59,846 [INFO] MicroXplorer:498 - Change Database Version : DB.6.0.141
2025-07-03 20:17:59,862 [INFO] McuFinderGlobals:63 - Set McuFinder mode to 2 (CubeIDE integrated)
2025-07-03 20:17:59,862 [INFO] UserAuth:171 - activating auth plugin
2025-07-03 20:17:59,866 [INFO] UserAuth:484 - Internet connection configuration mode: 1
2025-07-03 20:17:59,901 [INFO] JxBrowserEngine:152 - Initiate JxBrowser Engine with user profile folder
2025-07-03 20:18:00,058 [INFO] CheckServerUpdateThread:120 - End of CheckServer Thread
2025-07-03 20:18:01,055 [WARN] PackLoader:240 - Cannot read IP mode file for STMicroelectronics.FP-SNS-MOTENVWB1.1.4.0
2025-07-03 20:18:01,116 [WARN] PackLoader:240 - Cannot read IP mode file for STMicroelectronics.X-CUBE-SMBUS.2.1.0
2025-07-03 20:18:01,144 [WARN] PackLoader:240 - Cannot read IP mode file for STMicroelectronics.X-CUBE-ST60.1.0.0
2025-07-03 20:18:01,244 [WARN] PackLoader:240 - Cannot read IP mode file for STMicroelectronics.X-CUBE-AZRTOS-F7.1.1.0
2025-07-03 20:18:01,311 [WARN] PackLoader:240 - Cannot read IP mode file for Infineon.AIROC-Wi-Fi-Bluetooth-STM32.1.7.0
2025-07-03 20:18:01,332 [INFO] WebApp:169 - Instantiating new browser for Auth
2025-07-03 20:18:01,336 [WARN] PackLoader:240 - Cannot read IP mode file for STMicroelectronics.X-CUBE-DISPLAY.3.0.0
2025-07-03 20:18:01,381 [WARN] PackLoader:240 - Cannot read IP mode file for STMicroelectronics.X-CUBE-NFC10.1.0.0
2025-07-03 20:18:01,428 [WARN] PackLoader:240 - Cannot read IP mode file for STMicroelectronics.X-CUBE-BLEMGR.4.0.0
2025-07-03 20:18:01,462 [WARN] PackLoader:240 - Cannot read IP mode file for emotas.I-CUBE-CANOPEN.1.3.0
2025-07-03 20:18:01,484 [WARN] ConditionMgr:438 - getConditionDescription Invalid condition id : Cortex-A Device cause : null
2025-07-03 20:18:01,526 [WARN] ConditionMgr:1044 - genDependencies : Invalid condition id : Cortex-A Device cause : null
2025-07-03 20:18:01,526 [WARN] ConditionMgr:1044 - genDependencies : Invalid condition id : Cortex-A Device cause : null
2025-07-03 20:18:01,526 [WARN] ConditionMgr:1044 - genDependencies : Invalid condition id : Cortex-A Device cause : null
2025-07-03 20:18:01,550 [WARN] PackLoader:240 - Cannot read IP mode file for STMicroelectronics.FP-SNS-SMARTAG2.1.2.0
2025-07-03 20:18:01,575 [INFO] LogOutputStream:77 - [STDOUT_REDIRECT] 1 : Invalid condition id : UX_CORESTACK_Condition cause : null
2025-07-03 20:18:01,576 [INFO] LogOutputStream:77 - [STDOUT_REDIRECT] 1 : Invalid condition id : UX_CORESTACK_Condition cause : null
2025-07-03 20:18:01,577 [INFO] LogOutputStream:77 - [STDOUT_REDIRECT] 1 : Invalid condition id : UX_CORESTACK_Condition cause : null
2025-07-03 20:18:01,577 [INFO] LogOutputStream:77 - [STDOUT_REDIRECT] 1 : Invalid condition id : UX_CORESTACK_Condition cause : null
2025-07-03 20:18:01,578 [INFO] LogOutputStream:77 - [STDOUT_REDIRECT] 1 : Invalid condition id : UX_CORESTACK_Condition cause : null
2025-07-03 20:18:01,582 [WARN] PackLoader:240 - Cannot read IP mode file for STMicroelectronics.X-CUBE-AZRTOS-WL.2.0.0
2025-07-03 20:18:01,599 [WARN] PackLoader:240 - Cannot read IP mode file for STMicroelectronics.FP-SNS-MOTENV1.5.0.0
2025-07-03 20:18:01,620 [WARN] PackLoader:240 - Cannot read IP mode file for WES.I-CUBE-Cesium.1.3.0
2025-07-03 20:18:01,639 [WARN] PackLoader:240 - Cannot read IP mode file for STMicroelectronics.X-CUBE-BLE2.3.3.0
2025-07-03 20:18:01,665 [WARN] PackLoader:240 - Cannot read IP mode file for STMicroelectronics.X-CUBE-NFC9.1.0.0
2025-07-03 20:18:01,690 [WARN] PackLoader:240 - Cannot read IP mode file for wolfSSL.I-CUBE-wolfSSL.5.8.0
2025-07-03 20:18:01,710 [WARN] PackLoader:240 - Cannot read IP mode file for wolfSSL.I-CUBE-wolfMQTT.1.19.2
2025-07-03 20:18:01,786 [WARN] PackLoader:240 - Cannot read IP mode file for STMicroelectronics.X-CUBE-MEMS1.11.2.0
2025-07-03 20:18:02,122 [WARN] PackLoader:240 - Cannot read IP mode file for STMicroelectronics.X-CUBE-AZRTOS-G0.1.1.0
2025-07-03 20:18:02,146 [WARN] PackLoader:240 - Cannot read IP mode file for STMicroelectronics.X-CUBE-SAFEA1.1.2.2
2025-07-03 20:18:02,167 [WARN] PackLoader:240 - Cannot read IP mode file for STMicroelectronics.X-CUBE-NFC4.3.0.0
2025-07-03 20:18:02,189 [WARN] PackLoader:240 - Cannot read IP mode file for EmbeddedOffice.I-CUBE-FS-RTOS.1.0.1
2025-07-03 20:18:02,206 [WARN] PackLoader:240 - Cannot read IP mode file for STMicroelectronics.X-CUBE-WB05N.2.0.0
2025-07-03 20:18:02,221 [WARN] PackLoader:240 - Cannot read IP mode file for wolfSSL.I-CUBE-wolfTPM.3.8.0
2025-07-03 20:18:02,236 [WARN] PackLoader:240 - Cannot read IP mode file for STMicroelectronics.X-CUBE-TCPP.4.2.0
2025-07-03 20:18:02,254 [WARN] PackLoader:240 - Cannot read IP mode file for RealThread.X-CUBE-RT-Thread_Nano.4.1.1
2025-07-03 20:18:02,279 [WARN] PackLoader:240 - Cannot read IP mode file for STMicroelectronics.FP-ATR-SIGFOX1.3.2.0
2025-07-03 20:18:02,308 [WARN] PackLoader:240 - Cannot read IP mode file for STMicroelectronics.X-CUBE-EEPRMA1.5.1.0
2025-07-03 20:18:02,345 [WARN] PackLoader:240 - Cannot read IP mode file for ITTIA_DB.I-CUBE-ITTIADB.8.9.0
2025-07-03 20:18:02,371 [WARN] PackLoader:240 - Cannot read IP mode file for STMicroelectronics.X-CUBE-ST67W61.1.0.0
2025-07-03 20:18:02,443 [WARN] PackLoader:240 - Cannot read IP mode file for SEGGER.I-CUBE-embOS.1.3.1
2025-07-03 20:18:02,509 [INFO] WebApp:463 - Apply proxy settings
2025-07-03 20:18:02,509 [INFO] WebApp:548 - Chromium requires no authentication
2025-07-03 20:18:02,520 [WARN] PackLoader:240 - Cannot read IP mode file for STMicroelectronics.X-CUBE-ALGOBUILD.1.4.0
2025-07-03 20:18:02,531 [INFO] WebApp:491 - Direct internet connection detected
2025-07-03 20:18:02,572 [INFO] WebApp:894 - Register for checkConnection events
2025-07-03 20:18:02,572 [INFO] WebApp:463 - Apply proxy settings
2025-07-03 20:18:02,572 [INFO] WebApp:548 - Chromium requires no authentication
2025-07-03 20:18:02,575 [INFO] WebApp:491 - Direct internet connection detected
2025-07-03 20:18:02,599 [WARN] PackLoader:240 - Cannot read IP mode file for STMicroelectronics.X-CUBE-MEMS1.11.3.0
2025-07-03 20:18:02,741 [WARN] PackLoader:240 - Cannot read IP mode file for STMicroelectronics.X-CUBE-PM33A1.1.0.0
2025-07-03 20:18:02,786 [WARN] PackLoader:240 - Cannot read IP mode file for STMicroelectronics.X-CUBE-AZRTOS-F4.1.1.0
2025-07-03 20:18:02,819 [WARN] PackLoader:240 - Cannot read IP mode file for Avnet-IotConnect.X-CUBE-IoTC-DA16k-PMOD.1.0.0
2025-07-03 20:18:02,825 [INFO] WebApp:191 - Connection restablished
2025-07-03 20:18:02,845 [WARN] PackLoader:240 - Cannot read IP mode file for STMicroelectronics.X-CUBE-ISPU.2.1.0
2025-07-03 20:18:02,892 [WARN] PackLoader:240 - Cannot read IP mode file for STMicroelectronics.X-CUBE-AZRTOS-L5.2.0.0
2025-07-03 20:18:02,902 [INFO] WebApp:225 - Starting web application
2025-07-03 20:18:02,903 [INFO] WebApp:593 - Web application path used D:\ST\STM32CubeIDE_1.18.1\STM32CubeIDE\plugins\com.st.stm32cube.common.mx_6.14.1.202504091515\db\plugins\mcufinder\reactClient1\index.html
2025-07-03 20:18:02,928 [WARN] PackLoader:240 - Cannot read IP mode file for STMicroelectronics.X-CUBE-NFC6.3.1.0
2025-07-03 20:18:02,957 [WARN] PackLoader:240 - Cannot read IP mode file for STMicroelectronics.FP-SNS-STAIOTCFT.1.0.0
2025-07-03 20:18:03,012 [WARN] ConditionMgr:438 - getConditionDescription Invalid condition id : LAN8742 Phy interface Condition cause : null
2025-07-03 20:18:03,012 [WARN] PackLoader:240 - Cannot read IP mode file for STMicroelectronics.X-CUBE-AZRTOS-L4.2.0.0
2025-07-03 20:18:03,021 [WARN] ConditionMgr:1044 - genDependencies : Invalid condition id : LAN8742 Phy interface Condition cause : null
2025-07-03 20:18:03,021 [WARN] ConditionMgr:1044 - genDependencies : Invalid condition id : LAN8742 Phy interface Condition cause : null
2025-07-03 20:18:03,022 [WARN] ConditionMgr:1044 - genDependencies : Invalid condition id : LAN8742 Phy interface Condition cause : null
2025-07-03 20:18:03,068 [WARN] PackLoader:240 - Cannot read IP mode file for STMicroelectronics.X-CUBE-SFXS2LP1.4.0.0
2025-07-03 20:18:03,114 [WARN] PackLoader:240 - Cannot read IP mode file for STMicroelectronics.X-CUBE-AZRTOS-H7.3.3.0
2025-07-03 20:18:03,159 [WARN] ConditionMgr:438 - getConditionDescription Invalid condition id : UX DEVICE CLASS RTOS Condition cause : null
2025-07-03 20:18:03,159 [WARN] ConditionMgr:438 - getConditionDescription Invalid condition id : UX DEVICE CLASS RTOS Condition cause : null
2025-07-03 20:18:03,161 [WARN] PackLoader:240 - Cannot read IP mode file for STMicroelectronics.X-CUBE-AZRTOS-WB.2.0.0
2025-07-03 20:18:03,162 [WARN] ConditionMgr:1044 - genDependencies : Invalid condition id : UX DEVICE CLASS RTOS Condition cause : null
2025-07-03 20:18:03,162 [WARN] ConditionMgr:1044 - genDependencies : Invalid condition id : UX DEVICE CLASS RTOS Condition cause : null
2025-07-03 20:18:03,162 [WARN] ConditionMgr:1044 - genDependencies : Invalid condition id : UX DEVICE CLASS RTOS Condition cause : null
2025-07-03 20:18:03,163 [WARN] ConditionMgr:1044 - genDependencies : Invalid condition id : UX DEVICE CLASS RTOS Condition cause : null
2025-07-03 20:18:03,163 [WARN] ConditionMgr:1044 - genDependencies : Invalid condition id : UX DEVICE CLASS RTOS Condition cause : null
2025-07-03 20:18:03,186 [WARN] PackLoader:240 - Cannot read IP mode file for STMicroelectronics.X-CUBE-GNSS1.7.0.1
2025-07-03 20:18:03,215 [WARN] PackLoader:240 - Cannot read IP mode file for STMicroelectronics.X-CUBE-TOUCHGFX.4.25.0
2025-07-03 20:18:03,264 [WARN] PackLoader:240 - Cannot read IP mode file for STMicroelectronics.FP-SNS-STBOX1.2.0.0
2025-07-03 20:18:03,309 [WARN] PackLoader:240 - Cannot read IP mode file for STMicroelectronics.X-CUBE-SUBG2.5.0.0
2025-07-03 20:18:03,363 [WARN] PackLoader:240 - Cannot read IP mode file for STMicroelectronics.X-CUBE-AZRTOS-H7RS.1.1.0
2025-07-03 20:18:03,388 [WARN] PackLoader:240 - Cannot read IP mode file for Cesanta.I-CUBE-Mongoose.7.13.0
2025-07-03 20:18:03,450 [WARN] PackLoader:240 - Cannot read IP mode file for STMicroelectronics.X-CUBE-AZRTOS-G4.2.0.0
2025-07-03 20:18:03,487 [WARN] PackLoader:240 - Cannot read IP mode file for wolfSSL.I-CUBE-wolfSSH.1.4.20
2025-07-03 20:18:03,571 [WARN] PackLoader:240 - Cannot read IP mode file for STMicroelectronics.X-CUBE-NFC7.2.0.0
2025-07-03 20:18:03,612 [WARN] PackLoader:240 - Cannot read IP mode file for STMicroelectronics.X-CUBE-IPS.3.1.0
2025-07-03 20:18:03,644 [WARN] PackLoader:240 - Cannot read IP mode file for STMicroelectronics.X-CUBE-ALS.1.0.2
2025-07-03 20:18:03,669 [WARN] PackLoader:240 - Cannot read IP mode file for portGmbH.I-Cube-SoM-uGOAL.1.1.0
2025-07-03 20:18:03,701 [WARN] PackLoader:240 - Cannot read IP mode file for STMicroelectronics.X-CUBE-TOF1.3.4.3
2025-07-03 20:18:03,712 [INFO] ThirdParty:978 - Integrity check success = true
2025-07-03 20:18:03,712 [INFO] IntegrityCheckThread:100 - exiting critical section [integrity check]
2025-07-03 20:18:03,712 [INFO] IntegrityCheckThread:103 - End integrity checks thread
2025-07-03 23:26:14,806 [ERROR] LogOutputStream:75 - [STDERR_REDIRECT] 
